# SETTINGS simusched ej5/task_ej5.tsk 1 2 1 SchedRR 1 10
LOAD 0 0
LOAD 0 1
LOAD 0 2
LOAD 0 3
LOAD 0 4
# CONTEXT CPU 0 0
# CONTEXT CPU 0 1
CPU 2 0 0
CPU 3 0 0
CPU 4 0 0
CPU 5 0 0
CPU 6 0 0
CPU 7 0 0
CPU 8 0 0
CPU 9 0 0
CPU 10 0 0
CPU 11 0 0
CPU 12 0 0
# CONTEXT CPU 0 13
# CONTEXT CPU 0 14
CPU 15 1 0
CPU 16 1 0
CPU 17 1 0
CPU 18 1 0
CPU 19 1 0
CPU 20 1 0
CPU 21 1 0
CPU 22 1 0
CPU 23 1 0
CPU 24 1 0
CPU 25 1 0
# CONTEXT CPU 0 26
# CONTEXT CPU 0 27
CPU 28 2 0
CPU 29 2 0
CPU 30 2 0
CPU 31 2 0
CPU 32 2 0
CPU 33 2 0
CPU 34 2 0
CPU 35 2 0
CPU 36 2 0
CPU 37 2 0
CPU 38 2 0
# CONTEXT CPU 0 39
# CONTEXT CPU 0 40
CPU 41 3 0
BLOCK 42 3
# CONTEXT CPU 0 42
# CONTEXT CPU 0 43
CPU 44 4 0
BLOCK 45 4
UNBLOCK 45 3
# CONTEXT CPU 0 45
# CONTEXT CPU 0 46
CPU 47 0 0
UNBLOCK 48 4
CPU 48 0 0
CPU 49 0 0
CPU 50 0 0
CPU 51 0 0
CPU 52 0 0
CPU 53 0 0
CPU 54 0 0
CPU 55 0 0
CPU 56 0 0
CPU 57 0 0
# CONTEXT CPU 0 58
# CONTEXT CPU 0 59
CPU 60 1 0
CPU 61 1 0
CPU 62 1 0
CPU 63 1 0
CPU 64 1 0
CPU 65 1 0
CPU 66 1 0
CPU 67 1 0
CPU 68 1 0
CPU 69 1 0
CPU 70 1 0
# CONTEXT CPU 0 71
# CONTEXT CPU 0 72
CPU 73 2 0
CPU 74 2 0
CPU 75 2 0
CPU 76 2 0
CPU 77 2 0
CPU 78 2 0
CPU 79 2 0
CPU 80 2 0
CPU 81 2 0
CPU 82 2 0
CPU 83 2 0
# CONTEXT CPU 0 84
# CONTEXT CPU 0 85
CPU 86 3 0
BLOCK 87 3
# CONTEXT CPU 0 87
# CONTEXT CPU 0 88
CPU 89 4 0
BLOCK 90 4
UNBLOCK 90 3
# CONTEXT CPU 0 90
# CONTEXT CPU 0 91
CPU 92 0 0
UNBLOCK 93 4
CPU 93 0 0
CPU 94 0 0
CPU 95 0 0
CPU 96 0 0
CPU 97 0 0
CPU 98 0 0
CPU 99 0 0
CPU 100 0 0
CPU 101 0 0
CPU 102 0 0
# CONTEXT CPU 0 103
# CONTEXT CPU 0 104
CPU 105 1 0
CPU 106 1 0
CPU 107 1 0
CPU 108 1 0
CPU 109 1 0
CPU 110 1 0
CPU 111 1 0
CPU 112 1 0
CPU 113 1 0
CPU 114 1 0
CPU 115 1 0
# CONTEXT CPU 0 116
# CONTEXT CPU 0 117
CPU 118 2 0
CPU 119 2 0
CPU 120 2 0
CPU 121 2 0
CPU 122 2 0
CPU 123 2 0
CPU 124 2 0
CPU 125 2 0
CPU 126 2 0
CPU 127 2 0
CPU 128 2 0
# CONTEXT CPU 0 129
# CONTEXT CPU 0 130
CPU 131 3 0
BLOCK 132 3
# CONTEXT CPU 0 132
# CONTEXT CPU 0 133
CPU 134 4 0
BLOCK 135 4
UNBLOCK 135 3
# CONTEXT CPU 0 135
# CONTEXT CPU 0 136
CPU 137 0 0
UNBLOCK 138 4
CPU 138 0 0
CPU 139 0 0
CPU 140 0 0
CPU 141 0 0
CPU 142 0 0
CPU 143 0 0
CPU 144 0 0
CPU 145 0 0
CPU 146 0 0
CPU 147 0 0
# CONTEXT CPU 0 148
# CONTEXT CPU 0 149
CPU 150 1 0
CPU 151 1 0
CPU 152 1 0
CPU 153 1 0
CPU 154 1 0
CPU 155 1 0
CPU 156 1 0
CPU 157 1 0
CPU 158 1 0
CPU 159 1 0
CPU 160 1 0
# CONTEXT CPU 0 161
# CONTEXT CPU 0 162
CPU 163 2 0
CPU 164 2 0
CPU 165 2 0
CPU 166 2 0
CPU 167 2 0
CPU 168 2 0
CPU 169 2 0
CPU 170 2 0
CPU 171 2 0
CPU 172 2 0
CPU 173 2 0
# CONTEXT CPU 0 174
# CONTEXT CPU 0 175
CPU 176 3 0
EXIT 177 3 0
# CONTEXT CPU 0 177
# CONTEXT CPU 0 178
CPU 179 4 0
EXIT 180 4 0
# CONTEXT CPU 0 180
# CONTEXT CPU 0 181
CPU 182 0 0
CPU 183 0 0
CPU 184 0 0
CPU 185 0 0
CPU 186 0 0
CPU 187 0 0
CPU 188 0 0
CPU 189 0 0
CPU 190 0 0
CPU 191 0 0
CPU 192 0 0
# CONTEXT CPU 0 193
# CONTEXT CPU 0 194
CPU 195 1 0
CPU 196 1 0
CPU 197 1 0
CPU 198 1 0
CPU 199 1 0
CPU 200 1 0
CPU 201 1 0
CPU 202 1 0
CPU 203 1 0
CPU 204 1 0
CPU 205 1 0
# CONTEXT CPU 0 206
# CONTEXT CPU 0 207
CPU 208 2 0
CPU 209 2 0
CPU 210 2 0
CPU 211 2 0
CPU 212 2 0
CPU 213 2 0
CPU 214 2 0
CPU 215 2 0
CPU 216 2 0
CPU 217 2 0
CPU 218 2 0
# CONTEXT CPU 0 219
# CONTEXT CPU 0 220
CPU 221 0 0
CPU 222 0 0
CPU 223 0 0
CPU 224 0 0
CPU 225 0 0
CPU 226 0 0
CPU 227 0 0
CPU 228 0 0
CPU 229 0 0
CPU 230 0 0
CPU 231 0 0
# CONTEXT CPU 0 232
# CONTEXT CPU 0 233
CPU 234 1 0
CPU 235 1 0
CPU 236 1 0
CPU 237 1 0
CPU 238 1 0
CPU 239 1 0
CPU 240 1 0
CPU 241 1 0
CPU 242 1 0
CPU 243 1 0
CPU 244 1 0
# CONTEXT CPU 0 245
# CONTEXT CPU 0 246
CPU 247 2 0
CPU 248 2 0
CPU 249 2 0
CPU 250 2 0
CPU 251 2 0
CPU 252 2 0
CPU 253 2 0
CPU 254 2 0
CPU 255 2 0
CPU 256 2 0
CPU 257 2 0
# CONTEXT CPU 0 258
# CONTEXT CPU 0 259
CPU 260 0 0
CPU 261 0 0
CPU 262 0 0
CPU 263 0 0
CPU 264 0 0
EXIT 265 0 0
# CONTEXT CPU 0 265
# CONTEXT CPU 0 266
CPU 267 1 0
CPU 268 1 0
CPU 269 1 0
CPU 270 1 0
CPU 271 1 0
EXIT 272 1 0
# CONTEXT CPU 0 272
# CONTEXT CPU 0 273
CPU 274 2 0
CPU 275 2 0
CPU 276 2 0
CPU 277 2 0
CPU 278 2 0
EXIT 279 2 0
CPU 279 -1 0
