# SETTINGS simusched ej5/task_ej5.tsk 1 2 1 SchedRR 1 2
LOAD 0 0
LOAD 0 1
LOAD 0 2
LOAD 0 3
LOAD 0 4
# CONTEXT CPU 0 0
# CONTEXT CPU 0 1
CPU 2 0 0
CPU 3 0 0
CPU 4 0 0
# CONTEXT CPU 0 5
# CONTEXT CPU 0 6
CPU 7 1 0
CPU 8 1 0
CPU 9 1 0
# CONTEXT CPU 0 10
# CONTEXT CPU 0 11
CPU 12 2 0
CPU 13 2 0
CPU 14 2 0
# CONTEXT CPU 0 15
# CONTEXT CPU 0 16
CPU 17 3 0
BLOCK 18 3
# CONTEXT CPU 0 18
# CONTEXT CPU 0 19
CPU 20 4 0
BLOCK 21 4
UNBLOCK 21 3
# CONTEXT CPU 0 21
# CONTEXT CPU 0 22
CPU 23 0 0
UNBLOCK 24 4
CPU 24 0 0
CPU 25 0 0
# CONTEXT CPU 0 26
# CONTEXT CPU 0 27
CPU 28 1 0
CPU 29 1 0
CPU 30 1 0
# CONTEXT CPU 0 31
# CONTEXT CPU 0 32
CPU 33 2 0
CPU 34 2 0
CPU 35 2 0
# CONTEXT CPU 0 36
# CONTEXT CPU 0 37
CPU 38 3 0
BLOCK 39 3
# CONTEXT CPU 0 39
# CONTEXT CPU 0 40
CPU 41 4 0
BLOCK 42 4
UNBLOCK 42 3
# CONTEXT CPU 0 42
# CONTEXT CPU 0 43
CPU 44 0 0
UNBLOCK 45 4
CPU 45 0 0
CPU 46 0 0
# CONTEXT CPU 0 47
# CONTEXT CPU 0 48
CPU 49 1 0
CPU 50 1 0
CPU 51 1 0
# CONTEXT CPU 0 52
# CONTEXT CPU 0 53
CPU 54 2 0
CPU 55 2 0
CPU 56 2 0
# CONTEXT CPU 0 57
# CONTEXT CPU 0 58
CPU 59 3 0
BLOCK 60 3
# CONTEXT CPU 0 60
# CONTEXT CPU 0 61
CPU 62 4 0
BLOCK 63 4
UNBLOCK 63 3
# CONTEXT CPU 0 63
# CONTEXT CPU 0 64
CPU 65 0 0
UNBLOCK 66 4
CPU 66 0 0
CPU 67 0 0
# CONTEXT CPU 0 68
# CONTEXT CPU 0 69
CPU 70 1 0
CPU 71 1 0
CPU 72 1 0
# CONTEXT CPU 0 73
# CONTEXT CPU 0 74
CPU 75 2 0
CPU 76 2 0
CPU 77 2 0
# CONTEXT CPU 0 78
# CONTEXT CPU 0 79
CPU 80 3 0
EXIT 81 3 0
# CONTEXT CPU 0 81
# CONTEXT CPU 0 82
CPU 83 4 0
EXIT 84 4 0
# CONTEXT CPU 0 84
# CONTEXT CPU 0 85
CPU 86 0 0
CPU 87 0 0
CPU 88 0 0
# CONTEXT CPU 0 89
# CONTEXT CPU 0 90
CPU 91 1 0
CPU 92 1 0
CPU 93 1 0
# CONTEXT CPU 0 94
# CONTEXT CPU 0 95
CPU 96 2 0
CPU 97 2 0
CPU 98 2 0
# CONTEXT CPU 0 99
# CONTEXT CPU 0 100
CPU 101 0 0
CPU 102 0 0
CPU 103 0 0
# CONTEXT CPU 0 104
# CONTEXT CPU 0 105
CPU 106 1 0
CPU 107 1 0
CPU 108 1 0
# CONTEXT CPU 0 109
# CONTEXT CPU 0 110
CPU 111 2 0
CPU 112 2 0
CPU 113 2 0
# CONTEXT CPU 0 114
# CONTEXT CPU 0 115
CPU 116 0 0
CPU 117 0 0
CPU 118 0 0
# CONTEXT CPU 0 119
# CONTEXT CPU 0 120
CPU 121 1 0
CPU 122 1 0
CPU 123 1 0
# CONTEXT CPU 0 124
# CONTEXT CPU 0 125
CPU 126 2 0
CPU 127 2 0
CPU 128 2 0
# CONTEXT CPU 0 129
# CONTEXT CPU 0 130
CPU 131 0 0
CPU 132 0 0
CPU 133 0 0
# CONTEXT CPU 0 134
# CONTEXT CPU 0 135
CPU 136 1 0
CPU 137 1 0
CPU 138 1 0
# CONTEXT CPU 0 139
# CONTEXT CPU 0 140
CPU 141 2 0
CPU 142 2 0
CPU 143 2 0
# CONTEXT CPU 0 144
# CONTEXT CPU 0 145
CPU 146 0 0
CPU 147 0 0
CPU 148 0 0
# CONTEXT CPU 0 149
# CONTEXT CPU 0 150
CPU 151 1 0
CPU 152 1 0
CPU 153 1 0
# CONTEXT CPU 0 154
# CONTEXT CPU 0 155
CPU 156 2 0
CPU 157 2 0
CPU 158 2 0
# CONTEXT CPU 0 159
# CONTEXT CPU 0 160
CPU 161 0 0
CPU 162 0 0
CPU 163 0 0
# CONTEXT CPU 0 164
# CONTEXT CPU 0 165
CPU 166 1 0
CPU 167 1 0
CPU 168 1 0
# CONTEXT CPU 0 169
# CONTEXT CPU 0 170
CPU 171 2 0
CPU 172 2 0
CPU 173 2 0
# CONTEXT CPU 0 174
# CONTEXT CPU 0 175
CPU 176 0 0
CPU 177 0 0
CPU 178 0 0
# CONTEXT CPU 0 179
# CONTEXT CPU 0 180
CPU 181 1 0
CPU 182 1 0
CPU 183 1 0
# CONTEXT CPU 0 184
# CONTEXT CPU 0 185
CPU 186 2 0
CPU 187 2 0
CPU 188 2 0
# CONTEXT CPU 0 189
# CONTEXT CPU 0 190
CPU 191 0 0
CPU 192 0 0
CPU 193 0 0
# CONTEXT CPU 0 194
# CONTEXT CPU 0 195
CPU 196 1 0
CPU 197 1 0
CPU 198 1 0
# CONTEXT CPU 0 199
# CONTEXT CPU 0 200
CPU 201 2 0
CPU 202 2 0
CPU 203 2 0
# CONTEXT CPU 0 204
# CONTEXT CPU 0 205
CPU 206 0 0
CPU 207 0 0
CPU 208 0 0
# CONTEXT CPU 0 209
# CONTEXT CPU 0 210
CPU 211 1 0
CPU 212 1 0
CPU 213 1 0
# CONTEXT CPU 0 214
# CONTEXT CPU 0 215
CPU 216 2 0
CPU 217 2 0
CPU 218 2 0
# CONTEXT CPU 0 219
# CONTEXT CPU 0 220
CPU 221 0 0
CPU 222 0 0
CPU 223 0 0
# CONTEXT CPU 0 224
# CONTEXT CPU 0 225
CPU 226 1 0
CPU 227 1 0
CPU 228 1 0
# CONTEXT CPU 0 229
# CONTEXT CPU 0 230
CPU 231 2 0
CPU 232 2 0
CPU 233 2 0
# CONTEXT CPU 0 234
# CONTEXT CPU 0 235
CPU 236 0 0
CPU 237 0 0
CPU 238 0 0
# CONTEXT CPU 0 239
# CONTEXT CPU 0 240
CPU 241 1 0
CPU 242 1 0
CPU 243 1 0
# CONTEXT CPU 0 244
# CONTEXT CPU 0 245
CPU 246 2 0
CPU 247 2 0
CPU 248 2 0
# CONTEXT CPU 0 249
# CONTEXT CPU 0 250
CPU 251 0 0
CPU 252 0 0
CPU 253 0 0
# CONTEXT CPU 0 254
# CONTEXT CPU 0 255
CPU 256 1 0
CPU 257 1 0
CPU 258 1 0
# CONTEXT CPU 0 259
# CONTEXT CPU 0 260
CPU 261 2 0
CPU 262 2 0
CPU 263 2 0
# CONTEXT CPU 0 264
# CONTEXT CPU 0 265
CPU 266 0 0
CPU 267 0 0
CPU 268 0 0
# CONTEXT CPU 0 269
# CONTEXT CPU 0 270
CPU 271 1 0
CPU 272 1 0
CPU 273 1 0
# CONTEXT CPU 0 274
# CONTEXT CPU 0 275
CPU 276 2 0
CPU 277 2 0
CPU 278 2 0
# CONTEXT CPU 0 279
# CONTEXT CPU 0 280
CPU 281 0 0
CPU 282 0 0
CPU 283 0 0
# CONTEXT CPU 0 284
# CONTEXT CPU 0 285
CPU 286 1 0
CPU 287 1 0
CPU 288 1 0
# CONTEXT CPU 0 289
# CONTEXT CPU 0 290
CPU 291 2 0
CPU 292 2 0
CPU 293 2 0
# CONTEXT CPU 0 294
# CONTEXT CPU 0 295
CPU 296 0 0
CPU 297 0 0
CPU 298 0 0
# CONTEXT CPU 0 299
# CONTEXT CPU 0 300
CPU 301 1 0
CPU 302 1 0
CPU 303 1 0
# CONTEXT CPU 0 304
# CONTEXT CPU 0 305
CPU 306 2 0
CPU 307 2 0
CPU 308 2 0
# CONTEXT CPU 0 309
# CONTEXT CPU 0 310
CPU 311 0 0
CPU 312 0 0
CPU 313 0 0
# CONTEXT CPU 0 314
# CONTEXT CPU 0 315
CPU 316 1 0
CPU 317 1 0
CPU 318 1 0
# CONTEXT CPU 0 319
# CONTEXT CPU 0 320
CPU 321 2 0
CPU 322 2 0
CPU 323 2 0
# CONTEXT CPU 0 324
# CONTEXT CPU 0 325
CPU 326 0 0
CPU 327 0 0
CPU 328 0 0
# CONTEXT CPU 0 329
# CONTEXT CPU 0 330
CPU 331 1 0
CPU 332 1 0
CPU 333 1 0
# CONTEXT CPU 0 334
# CONTEXT CPU 0 335
CPU 336 2 0
CPU 337 2 0
CPU 338 2 0
# CONTEXT CPU 0 339
# CONTEXT CPU 0 340
CPU 341 0 0
CPU 342 0 0
CPU 343 0 0
# CONTEXT CPU 0 344
# CONTEXT CPU 0 345
CPU 346 1 0
CPU 347 1 0
CPU 348 1 0
# CONTEXT CPU 0 349
# CONTEXT CPU 0 350
CPU 351 2 0
CPU 352 2 0
CPU 353 2 0
# CONTEXT CPU 0 354
# CONTEXT CPU 0 355
CPU 356 0 0
CPU 357 0 0
CPU 358 0 0
# CONTEXT CPU 0 359
# CONTEXT CPU 0 360
CPU 361 1 0
CPU 362 1 0
CPU 363 1 0
# CONTEXT CPU 0 364
# CONTEXT CPU 0 365
CPU 366 2 0
CPU 367 2 0
CPU 368 2 0
# CONTEXT CPU 0 369
# CONTEXT CPU 0 370
CPU 371 0 0
CPU 372 0 0
EXIT 373 0 0
# CONTEXT CPU 0 373
# CONTEXT CPU 0 374
CPU 375 1 0
CPU 376 1 0
EXIT 377 1 0
# CONTEXT CPU 0 377
# CONTEXT CPU 0 378
CPU 379 2 0
CPU 380 2 0
EXIT 381 2 0
CPU 381 -1 0
