# SETTINGS simusched ej5/task_ej5.tsk 1 2 1 SchedRR 1 30
LOAD 0 0
LOAD 0 1
LOAD 0 2
LOAD 0 3
LOAD 0 4
# CONTEXT CPU 0 0
# CONTEXT CPU 0 1
CPU 2 0 0
CPU 3 0 0
CPU 4 0 0
CPU 5 0 0
CPU 6 0 0
CPU 7 0 0
CPU 8 0 0
CPU 9 0 0
CPU 10 0 0
CPU 11 0 0
CPU 12 0 0
CPU 13 0 0
CPU 14 0 0
CPU 15 0 0
CPU 16 0 0
CPU 17 0 0
CPU 18 0 0
CPU 19 0 0
CPU 20 0 0
CPU 21 0 0
CPU 22 0 0
CPU 23 0 0
CPU 24 0 0
CPU 25 0 0
CPU 26 0 0
CPU 27 0 0
CPU 28 0 0
CPU 29 0 0
CPU 30 0 0
CPU 31 0 0
CPU 32 0 0
# CONTEXT CPU 0 33
# CONTEXT CPU 0 34
CPU 35 1 0
CPU 36 1 0
CPU 37 1 0
CPU 38 1 0
CPU 39 1 0
CPU 40 1 0
CPU 41 1 0
CPU 42 1 0
CPU 43 1 0
CPU 44 1 0
CPU 45 1 0
CPU 46 1 0
CPU 47 1 0
CPU 48 1 0
CPU 49 1 0
CPU 50 1 0
CPU 51 1 0
CPU 52 1 0
CPU 53 1 0
CPU 54 1 0
CPU 55 1 0
CPU 56 1 0
CPU 57 1 0
CPU 58 1 0
CPU 59 1 0
CPU 60 1 0
CPU 61 1 0
CPU 62 1 0
CPU 63 1 0
CPU 64 1 0
CPU 65 1 0
# CONTEXT CPU 0 66
# CONTEXT CPU 0 67
CPU 68 2 0
CPU 69 2 0
CPU 70 2 0
CPU 71 2 0
CPU 72 2 0
CPU 73 2 0
CPU 74 2 0
CPU 75 2 0
CPU 76 2 0
CPU 77 2 0
CPU 78 2 0
CPU 79 2 0
CPU 80 2 0
CPU 81 2 0
CPU 82 2 0
CPU 83 2 0
CPU 84 2 0
CPU 85 2 0
CPU 86 2 0
CPU 87 2 0
CPU 88 2 0
CPU 89 2 0
CPU 90 2 0
CPU 91 2 0
CPU 92 2 0
CPU 93 2 0
CPU 94 2 0
CPU 95 2 0
CPU 96 2 0
CPU 97 2 0
CPU 98 2 0
# CONTEXT CPU 0 99
# CONTEXT CPU 0 100
CPU 101 3 0
BLOCK 102 3
# CONTEXT CPU 0 102
# CONTEXT CPU 0 103
CPU 104 4 0
BLOCK 105 4
UNBLOCK 105 3
# CONTEXT CPU 0 105
# CONTEXT CPU 0 106
CPU 107 0 0
UNBLOCK 108 4
CPU 108 0 0
CPU 109 0 0
CPU 110 0 0
CPU 111 0 0
CPU 112 0 0
CPU 113 0 0
CPU 114 0 0
CPU 115 0 0
CPU 116 0 0
CPU 117 0 0
CPU 118 0 0
CPU 119 0 0
CPU 120 0 0
CPU 121 0 0
CPU 122 0 0
CPU 123 0 0
CPU 124 0 0
CPU 125 0 0
CPU 126 0 0
CPU 127 0 0
CPU 128 0 0
CPU 129 0 0
CPU 130 0 0
CPU 131 0 0
CPU 132 0 0
CPU 133 0 0
CPU 134 0 0
CPU 135 0 0
CPU 136 0 0
CPU 137 0 0
# CONTEXT CPU 0 138
# CONTEXT CPU 0 139
CPU 140 1 0
CPU 141 1 0
CPU 142 1 0
CPU 143 1 0
CPU 144 1 0
CPU 145 1 0
CPU 146 1 0
CPU 147 1 0
CPU 148 1 0
CPU 149 1 0
CPU 150 1 0
CPU 151 1 0
CPU 152 1 0
CPU 153 1 0
CPU 154 1 0
CPU 155 1 0
CPU 156 1 0
CPU 157 1 0
CPU 158 1 0
CPU 159 1 0
CPU 160 1 0
CPU 161 1 0
CPU 162 1 0
CPU 163 1 0
CPU 164 1 0
CPU 165 1 0
CPU 166 1 0
CPU 167 1 0
CPU 168 1 0
CPU 169 1 0
CPU 170 1 0
# CONTEXT CPU 0 171
# CONTEXT CPU 0 172
CPU 173 2 0
CPU 174 2 0
CPU 175 2 0
CPU 176 2 0
CPU 177 2 0
CPU 178 2 0
CPU 179 2 0
CPU 180 2 0
CPU 181 2 0
CPU 182 2 0
CPU 183 2 0
CPU 184 2 0
CPU 185 2 0
CPU 186 2 0
CPU 187 2 0
CPU 188 2 0
CPU 189 2 0
CPU 190 2 0
CPU 191 2 0
CPU 192 2 0
CPU 193 2 0
CPU 194 2 0
CPU 195 2 0
CPU 196 2 0
CPU 197 2 0
CPU 198 2 0
CPU 199 2 0
CPU 200 2 0
CPU 201 2 0
CPU 202 2 0
CPU 203 2 0
# CONTEXT CPU 0 204
# CONTEXT CPU 0 205
CPU 206 3 0
BLOCK 207 3
# CONTEXT CPU 0 207
# CONTEXT CPU 0 208
CPU 209 4 0
BLOCK 210 4
UNBLOCK 210 3
# CONTEXT CPU 0 210
# CONTEXT CPU 0 211
CPU 212 0 0
UNBLOCK 213 4
CPU 213 0 0
CPU 214 0 0
CPU 215 0 0
CPU 216 0 0
CPU 217 0 0
CPU 218 0 0
CPU 219 0 0
CPU 220 0 0
EXIT 221 0 0
# CONTEXT CPU 0 221
# CONTEXT CPU 0 222
CPU 223 1 0
CPU 224 1 0
CPU 225 1 0
CPU 226 1 0
CPU 227 1 0
CPU 228 1 0
CPU 229 1 0
CPU 230 1 0
CPU 231 1 0
EXIT 232 1 0
# CONTEXT CPU 0 232
# CONTEXT CPU 0 233
CPU 234 2 0
CPU 235 2 0
CPU 236 2 0
CPU 237 2 0
CPU 238 2 0
CPU 239 2 0
CPU 240 2 0
CPU 241 2 0
CPU 242 2 0
EXIT 243 2 0
# CONTEXT CPU 0 243
# CONTEXT CPU 0 244
CPU 245 3 0
BLOCK 246 3
# CONTEXT CPU 0 246
# CONTEXT CPU 0 247
CPU 248 4 0
BLOCK 249 4
UNBLOCK 249 3
# CONTEXT CPU 0 249
# CONTEXT CPU 0 250
CPU 251 3 0
EXIT 252 3 0
UNBLOCK 252 4
# CONTEXT CPU 0 252
# CONTEXT CPU 0 253
CPU 254 4 0
EXIT 255 4 0
CPU 255 -1 0
