# SETTINGS simusched ej3/task_ej3.tsk 1 1 1 SchedFCFS
LOAD 0 0
# CONTEXT CPU 0 0
CPU 1 0 0
BLOCK 2 0
CPU 2 0 0
BLOCK 3 0
CPU 3 0 0
BLOCK 4 0
UNBLOCK 4 0
CPU 4 0 0
LOAD 5 1
CPU 5 0 0
CPU 6 0 0
CPU 7 0 0
LOAD 8 2
CPU 8 0 0
CPU 9 0 0
CPU 10 0 0
BLOCK 11 0
CPU 11 0 0
LOAD 12 3
BLOCK 12 0
CPU 12 0 0
BLOCK 13 0
UNBLOCK 13 0
CPU 13 0 0
CPU 14 0 0
CPU 15 0 0
BLOCK 16 0
CPU 16 0 0
BLOCK 17 0
CPU 17 0 0
BLOCK 18 0
UNBLOCK 18 0
CPU 18 0 0
CPU 19 0 0
CPU 20 0 0
BLOCK 21 0
CPU 21 0 0
BLOCK 22 0
CPU 22 0 0
BLOCK 23 0
UNBLOCK 23 0
CPU 23 0 0
BLOCK 24 0
CPU 24 0 0
BLOCK 25 0
CPU 25 0 0
BLOCK 26 0
UNBLOCK 26 0
CPU 26 0 0
CPU 27 0 0
CPU 28 0 0
CPU 29 0 0
CPU 30 0 0
CPU 31 0 0
EXIT 32 0 0
# CONTEXT CPU 0 32
CPU 33 1 0
CPU 34 1 0
BLOCK 35 1
CPU 35 1 0
BLOCK 36 1
CPU 36 1 0
BLOCK 37 1
UNBLOCK 37 1
CPU 37 1 0
BLOCK 38 1
CPU 38 1 0
BLOCK 39 1
CPU 39 1 0
BLOCK 40 1
UNBLOCK 40 1
CPU 40 1 0
CPU 41 1 0
CPU 42 1 0
BLOCK 43 1
CPU 43 1 0
BLOCK 44 1
CPU 44 1 0
BLOCK 45 1
UNBLOCK 45 1
CPU 45 1 0
BLOCK 46 1
CPU 46 1 0
BLOCK 47 1
CPU 47 1 0
BLOCK 48 1
UNBLOCK 48 1
CPU 48 1 0
EXIT 49 1 0
# CONTEXT CPU 0 49
CPU 50 2 0
BLOCK 51 2
CPU 51 2 0
BLOCK 52 2
CPU 52 2 0
BLOCK 53 2
UNBLOCK 53 2
CPU 53 2 0
CPU 54 2 0
CPU 55 2 0
CPU 56 2 0
BLOCK 57 2
CPU 57 2 0
BLOCK 58 2
CPU 58 2 0
BLOCK 59 2
UNBLOCK 59 2
CPU 59 2 0
BLOCK 60 2
CPU 60 2 0
BLOCK 61 2
CPU 61 2 0
BLOCK 62 2
UNBLOCK 62 2
CPU 62 2 0
BLOCK 63 2
CPU 63 2 0
BLOCK 64 2
CPU 64 2 0
BLOCK 65 2
UNBLOCK 65 2
CPU 65 2 0
BLOCK 66 2
CPU 66 2 0
BLOCK 67 2
CPU 67 2 0
BLOCK 68 2
UNBLOCK 68 2
CPU 68 2 0
BLOCK 69 2
CPU 69 2 0
BLOCK 70 2
CPU 70 2 0
BLOCK 71 2
UNBLOCK 71 2
CPU 71 2 0
CPU 72 2 0
BLOCK 73 2
CPU 73 2 0
BLOCK 74 2
CPU 74 2 0
BLOCK 75 2
UNBLOCK 75 2
CPU 75 2 0
CPU 76 2 0
BLOCK 77 2
CPU 77 2 0
BLOCK 78 2
CPU 78 2 0
BLOCK 79 2
UNBLOCK 79 2
CPU 79 2 0
BLOCK 80 2
CPU 80 2 0
BLOCK 81 2
CPU 81 2 0
BLOCK 82 2
UNBLOCK 82 2
CPU 82 2 0
CPU 83 2 0
CPU 84 2 0
CPU 85 2 0
BLOCK 86 2
CPU 86 2 0
BLOCK 87 2
CPU 87 2 0
BLOCK 88 2
UNBLOCK 88 2
CPU 88 2 0
BLOCK 89 2
CPU 89 2 0
BLOCK 90 2
CPU 90 2 0
BLOCK 91 2
UNBLOCK 91 2
CPU 91 2 0
CPU 92 2 0
CPU 93 2 0
CPU 94 2 0
CPU 95 2 0
EXIT 96 2 0
# CONTEXT CPU 0 96
CPU 97 3 0
CPU 98 3 0
BLOCK 99 3
CPU 99 3 0
BLOCK 100 3
CPU 100 3 0
BLOCK 101 3
UNBLOCK 101 3
CPU 101 3 0
CPU 102 3 0
CPU 103 3 0
CPU 104 3 0
CPU 105 3 0
BLOCK 106 3
CPU 106 3 0
BLOCK 107 3
CPU 107 3 0
BLOCK 108 3
UNBLOCK 108 3
CPU 108 3 0
BLOCK 109 3
CPU 109 3 0
BLOCK 110 3
CPU 110 3 0
BLOCK 111 3
UNBLOCK 111 3
CPU 111 3 0
BLOCK 112 3
CPU 112 3 0
BLOCK 113 3
CPU 113 3 0
BLOCK 114 3
UNBLOCK 114 3
CPU 114 3 0
BLOCK 115 3
CPU 115 3 0
BLOCK 116 3
CPU 116 3 0
BLOCK 117 3
UNBLOCK 117 3
CPU 117 3 0
CPU 118 3 0
BLOCK 119 3
CPU 119 3 0
BLOCK 120 3
CPU 120 3 0
BLOCK 121 3
UNBLOCK 121 3
CPU 121 3 0
BLOCK 122 3
CPU 122 3 0
BLOCK 123 3
CPU 123 3 0
BLOCK 124 3
UNBLOCK 124 3
CPU 124 3 0
BLOCK 125 3
CPU 125 3 0
BLOCK 126 3
CPU 126 3 0
BLOCK 127 3
UNBLOCK 127 3
CPU 127 3 0
BLOCK 128 3
CPU 128 3 0
BLOCK 129 3
CPU 129 3 0
BLOCK 130 3
UNBLOCK 130 3
CPU 130 3 0
BLOCK 131 3
CPU 131 3 0
BLOCK 132 3
CPU 132 3 0
BLOCK 133 3
UNBLOCK 133 3
CPU 133 3 0
CPU 134 3 0
CPU 135 3 0
CPU 136 3 0
CPU 137 3 0
CPU 138 3 0
CPU 139 3 0
BLOCK 140 3
CPU 140 3 0
BLOCK 141 3
CPU 141 3 0
BLOCK 142 3
UNBLOCK 142 3
CPU 142 3 0
BLOCK 143 3
CPU 143 3 0
BLOCK 144 3
CPU 144 3 0
BLOCK 145 3
UNBLOCK 145 3
CPU 145 3 0
BLOCK 146 3
CPU 146 3 0
BLOCK 147 3
CPU 147 3 0
BLOCK 148 3
UNBLOCK 148 3
CPU 148 3 0
CPU 149 3 0
BLOCK 150 3
CPU 150 3 0
BLOCK 151 3
CPU 151 3 0
BLOCK 152 3
UNBLOCK 152 3
CPU 152 3 0
CPU 153 3 0
CPU 154 3 0
CPU 155 3 0
EXIT 156 3 0
CPU 156 -1 0
