# SETTINGS simusched ej2/tasks_ej2.tsk 2 5 1 SchedFCFS
LOAD 0 0
# CONTEXT CPU 0 0
CPU 0 -1 1
# CONTEXT CPU 0 1
CPU 1 -1 1
# CONTEXT CPU 0 2
CPU 2 -1 1
# CONTEXT CPU 0 3
CPU 3 -1 1
# CONTEXT CPU 0 4
CPU 4 -1 1
CPU 5 0 0
CPU 5 -1 1
CPU 6 0 0
CPU 6 -1 1
CPU 7 0 0
CPU 7 -1 1
CPU 8 0 0
CPU 8 -1 1
CPU 9 0 0
CPU 9 -1 1
LOAD 10 1
CPU 10 0 0
# CONTEXT CPU 1 10
CPU 11 0 0
# CONTEXT CPU 1 11
CPU 12 0 0
# CONTEXT CPU 1 12
CPU 13 0 0
# CONTEXT CPU 1 13
CPU 14 0 0
# CONTEXT CPU 1 14
CPU 15 0 0
CPU 15 1 1
BLOCK 16 1
CPU 16 0 0
CPU 16 1 1
BLOCK 17 1
UNBLOCK 17 1
CPU 17 0 0
CPU 17 1 1
BLOCK 18 1
CPU 18 0 0
CPU 18 1 1
BLOCK 19 1
UNBLOCK 19 1
CPU 19 0 0
CPU 19 1 1
LOAD 20 2
BLOCK 20 1
CPU 20 0 0
CPU 20 1 1
BLOCK 21 1
CPU 21 0 0
CPU 21 1 1
BLOCK 22 1
UNBLOCK 22 1
CPU 22 0 0
CPU 22 1 1
BLOCK 23 1
CPU 23 0 0
CPU 23 1 1
BLOCK 24 1
CPU 24 0 0
CPU 24 1 1
BLOCK 25 1
UNBLOCK 25 1
CPU 25 0 0
CPU 25 1 1
BLOCK 26 1
CPU 26 0 0
CPU 26 1 1
BLOCK 27 1
UNBLOCK 27 1
CPU 27 0 0
CPU 27 1 1
BLOCK 28 1
CPU 28 0 0
CPU 28 1 1
BLOCK 29 1
UNBLOCK 29 1
CPU 29 0 0
CPU 29 1 1
LOAD 30 3
BLOCK 30 1
CPU 30 0 0
CPU 30 1 1
BLOCK 31 1
CPU 31 0 0
CPU 31 1 1
BLOCK 32 1
CPU 32 0 0
CPU 32 1 1
BLOCK 33 1
UNBLOCK 33 1
CPU 33 0 0
CPU 33 1 1
BLOCK 34 1
CPU 34 0 0
CPU 34 1 1
BLOCK 35 1
CPU 35 0 0
CPU 35 1 1
BLOCK 36 1
UNBLOCK 36 1
CPU 36 0 0
CPU 36 1 1
BLOCK 37 1
CPU 37 0 0
CPU 37 1 1
BLOCK 38 1
CPU 38 0 0
CPU 38 1 1
BLOCK 39 1
UNBLOCK 39 1
CPU 39 0 0
CPU 39 1 1
BLOCK 40 1
CPU 40 0 0
CPU 40 1 1
BLOCK 41 1
CPU 41 0 0
CPU 41 1 1
BLOCK 42 1
CPU 42 0 0
CPU 42 1 1
BLOCK 43 1
UNBLOCK 43 1
CPU 43 0 0
CPU 43 1 1
BLOCK 44 1
CPU 44 0 0
CPU 44 1 1
BLOCK 45 1
CPU 45 0 0
CPU 45 1 1
BLOCK 46 1
UNBLOCK 46 1
CPU 46 0 0
CPU 46 1 1
BLOCK 47 1
CPU 47 0 0
CPU 47 1 1
BLOCK 48 1
CPU 48 0 0
CPU 48 1 1
BLOCK 49 1
CPU 49 0 0
CPU 49 1 1
BLOCK 50 1
UNBLOCK 50 1
CPU 50 0 0
CPU 50 1 1
BLOCK 51 1
CPU 51 0 0
CPU 51 1 1
BLOCK 52 1
UNBLOCK 52 1
CPU 52 0 0
CPU 52 1 1
BLOCK 53 1
CPU 53 0 0
CPU 53 1 1
BLOCK 54 1
CPU 54 0 0
CPU 54 1 1
BLOCK 55 1
UNBLOCK 55 1
CPU 55 0 0
CPU 55 1 1
BLOCK 56 1
CPU 56 0 0
CPU 56 1 1
BLOCK 57 1
CPU 57 0 0
CPU 57 1 1
BLOCK 58 1
UNBLOCK 58 1
CPU 58 0 0
CPU 58 1 1
BLOCK 59 1
CPU 59 0 0
CPU 59 1 1
BLOCK 60 1
CPU 60 0 0
CPU 60 1 1
BLOCK 61 1
UNBLOCK 61 1
CPU 61 0 0
CPU 61 1 1
BLOCK 62 1
CPU 62 0 0
CPU 62 1 1
BLOCK 63 1
UNBLOCK 63 1
CPU 63 0 0
CPU 63 1 1
BLOCK 64 1
CPU 64 0 0
CPU 64 1 1
BLOCK 65 1
UNBLOCK 65 1
CPU 65 0 0
CPU 65 1 1
BLOCK 66 1
CPU 66 0 0
CPU 66 1 1
BLOCK 67 1
CPU 67 0 0
CPU 67 1 1
BLOCK 68 1
UNBLOCK 68 1
CPU 68 0 0
CPU 68 1 1
BLOCK 69 1
CPU 69 0 0
CPU 69 1 1
BLOCK 70 1
UNBLOCK 70 1
CPU 70 0 0
CPU 70 1 1
BLOCK 71 1
CPU 71 0 0
CPU 71 1 1
BLOCK 72 1
CPU 72 0 0
CPU 72 1 1
BLOCK 73 1
CPU 73 0 0
CPU 73 1 1
BLOCK 74 1
UNBLOCK 74 1
CPU 74 0 0
CPU 74 1 1
BLOCK 75 1
CPU 75 0 0
CPU 75 1 1
BLOCK 76 1
CPU 76 0 0
CPU 76 1 1
BLOCK 77 1
UNBLOCK 77 1
CPU 77 0 0
CPU 77 1 1
BLOCK 78 1
CPU 78 0 0
CPU 78 1 1
BLOCK 79 1
CPU 79 0 0
CPU 79 1 1
BLOCK 80 1
UNBLOCK 80 1
CPU 80 0 0
CPU 80 1 1
BLOCK 81 1
CPU 81 0 0
CPU 81 1 1
BLOCK 82 1
CPU 82 0 0
CPU 82 1 1
BLOCK 83 1
CPU 83 0 0
CPU 83 1 1
BLOCK 84 1
UNBLOCK 84 1
CPU 84 0 0
CPU 84 1 1
BLOCK 85 1
CPU 85 0 0
CPU 85 1 1
BLOCK 86 1
UNBLOCK 86 1
CPU 86 0 0
CPU 86 1 1
BLOCK 87 1
CPU 87 0 0
CPU 87 1 1
BLOCK 88 1
UNBLOCK 88 1
CPU 88 0 0
CPU 88 1 1
BLOCK 89 1
CPU 89 0 0
CPU 89 1 1
BLOCK 90 1
CPU 90 0 0
CPU 90 1 1
BLOCK 91 1
UNBLOCK 91 1
CPU 91 0 0
CPU 91 1 1
BLOCK 92 1
CPU 92 0 0
CPU 92 1 1
BLOCK 93 1
CPU 93 0 0
CPU 93 1 1
BLOCK 94 1
CPU 94 0 0
CPU 94 1 1
BLOCK 95 1
UNBLOCK 95 1
CPU 95 0 0
CPU 95 1 1
BLOCK 96 1
CPU 96 0 0
CPU 96 1 1
BLOCK 97 1
UNBLOCK 97 1
CPU 97 0 0
CPU 97 1 1
BLOCK 98 1
CPU 98 0 0
CPU 98 1 1
BLOCK 99 1
CPU 99 0 0
CPU 99 1 1
BLOCK 100 1
UNBLOCK 100 1
CPU 100 0 0
CPU 100 1 1
BLOCK 101 1
CPU 101 0 0
CPU 101 1 1
BLOCK 102 1
UNBLOCK 102 1
CPU 102 0 0
CPU 102 1 1
BLOCK 103 1
CPU 103 0 0
CPU 103 1 1
BLOCK 104 1
CPU 104 0 0
CPU 104 1 1
BLOCK 105 1
UNBLOCK 105 1
CPU 105 0 0
CPU 105 1 1
BLOCK 106 1
CPU 106 0 0
CPU 106 1 1
BLOCK 107 1
CPU 107 0 0
CPU 107 1 1
BLOCK 108 1
UNBLOCK 108 1
CPU 108 0 0
CPU 108 1 1
BLOCK 109 1
CPU 109 0 0
CPU 109 1 1
BLOCK 110 1
CPU 110 0 0
CPU 110 1 1
BLOCK 111 1
CPU 111 0 0
CPU 111 1 1
BLOCK 112 1
UNBLOCK 112 1
CPU 112 0 0
CPU 112 1 1
BLOCK 113 1
CPU 113 0 0
CPU 113 1 1
BLOCK 114 1
UNBLOCK 114 1
CPU 114 0 0
CPU 114 1 1
BLOCK 115 1
CPU 115 0 0
CPU 115 1 1
BLOCK 116 1
CPU 116 0 0
CPU 116 1 1
BLOCK 117 1
UNBLOCK 117 1
CPU 117 0 0
CPU 117 1 1
BLOCK 118 1
CPU 118 0 0
CPU 118 1 1
BLOCK 119 1
CPU 119 0 0
CPU 119 1 1
BLOCK 120 1
CPU 120 0 0
CPU 120 1 1
BLOCK 121 1
UNBLOCK 121 1
CPU 121 0 0
CPU 121 1 1
BLOCK 122 1
CPU 122 0 0
CPU 122 1 1
BLOCK 123 1
UNBLOCK 123 1
CPU 123 0 0
CPU 123 1 1
BLOCK 124 1
CPU 124 0 0
CPU 124 1 1
BLOCK 125 1
UNBLOCK 125 1
CPU 125 0 0
CPU 125 1 1
BLOCK 126 1
CPU 126 0 0
CPU 126 1 1
BLOCK 127 1
CPU 127 0 0
CPU 127 1 1
BLOCK 128 1
UNBLOCK 128 1
CPU 128 0 0
CPU 128 1 1
BLOCK 129 1
CPU 129 0 0
CPU 129 1 1
BLOCK 130 1
CPU 130 0 0
CPU 130 1 1
BLOCK 131 1
CPU 131 0 0
CPU 131 1 1
BLOCK 132 1
UNBLOCK 132 1
CPU 132 0 0
CPU 132 1 1
BLOCK 133 1
CPU 133 0 0
CPU 133 1 1
BLOCK 134 1
CPU 134 0 0
CPU 134 1 1
BLOCK 135 1
CPU 135 0 0
CPU 135 1 1
BLOCK 136 1
UNBLOCK 136 1
CPU 136 0 0
CPU 136 1 1
BLOCK 137 1
CPU 137 0 0
CPU 137 1 1
BLOCK 138 1
CPU 138 0 0
CPU 138 1 1
BLOCK 139 1
UNBLOCK 139 1
CPU 139 0 0
CPU 139 1 1
BLOCK 140 1
CPU 140 0 0
CPU 140 1 1
BLOCK 141 1
CPU 141 0 0
CPU 141 1 1
BLOCK 142 1
CPU 142 0 0
CPU 142 1 1
BLOCK 143 1
UNBLOCK 143 1
CPU 143 0 0
CPU 143 1 1
BLOCK 144 1
CPU 144 0 0
CPU 144 1 1
BLOCK 145 1
CPU 145 0 0
CPU 145 1 1
BLOCK 146 1
UNBLOCK 146 1
CPU 146 0 0
CPU 146 1 1
BLOCK 147 1
CPU 147 0 0
CPU 147 1 1
BLOCK 148 1
CPU 148 0 0
CPU 148 1 1
BLOCK 149 1
CPU 149 0 0
CPU 149 1 1
BLOCK 150 1
UNBLOCK 150 1
CPU 150 0 0
CPU 150 1 1
BLOCK 151 1
CPU 151 0 0
CPU 151 1 1
BLOCK 152 1
CPU 152 0 0
CPU 152 1 1
BLOCK 153 1
UNBLOCK 153 1
CPU 153 0 0
CPU 153 1 1
BLOCK 154 1
CPU 154 0 0
CPU 154 1 1
BLOCK 155 1
CPU 155 0 0
CPU 155 1 1
BLOCK 156 1
UNBLOCK 156 1
CPU 156 0 0
CPU 156 1 1
BLOCK 157 1
CPU 157 0 0
CPU 157 1 1
BLOCK 158 1
UNBLOCK 158 1
CPU 158 0 0
CPU 158 1 1
BLOCK 159 1
CPU 159 0 0
CPU 159 1 1
BLOCK 160 1
UNBLOCK 160 1
CPU 160 0 0
CPU 160 1 1
EXIT 161 1 1
CPU 161 0 0
# CONTEXT CPU 1 161
CPU 162 0 0
# CONTEXT CPU 1 162
CPU 163 0 0
# CONTEXT CPU 1 163
CPU 164 0 0
# CONTEXT CPU 1 164
CPU 165 0 0
# CONTEXT CPU 1 165
CPU 166 0 0
CPU 166 2 1
BLOCK 167 2
CPU 167 0 0
CPU 167 2 1
BLOCK 168 2
UNBLOCK 168 2
CPU 168 0 0
CPU 168 2 1
BLOCK 169 2
CPU 169 0 0
CPU 169 2 1
BLOCK 170 2
UNBLOCK 170 2
CPU 170 0 0
CPU 170 2 1
BLOCK 171 2
CPU 171 0 0
CPU 171 2 1
BLOCK 172 2
CPU 172 0 0
CPU 172 2 1
BLOCK 173 2
UNBLOCK 173 2
CPU 173 0 0
CPU 173 2 1
BLOCK 174 2
CPU 174 0 0
CPU 174 2 1
BLOCK 175 2
CPU 175 0 0
CPU 175 2 1
BLOCK 176 2
UNBLOCK 176 2
CPU 176 0 0
CPU 176 2 1
BLOCK 177 2
CPU 177 0 0
CPU 177 2 1
BLOCK 178 2
UNBLOCK 178 2
CPU 178 0 0
CPU 178 2 1
BLOCK 179 2
CPU 179 0 0
CPU 179 2 1
BLOCK 180 2
UNBLOCK 180 2
CPU 180 0 0
CPU 180 2 1
BLOCK 181 2
CPU 181 0 0
CPU 181 2 1
BLOCK 182 2
CPU 182 0 0
CPU 182 2 1
BLOCK 183 2
CPU 183 0 0
CPU 183 2 1
BLOCK 184 2
UNBLOCK 184 2
CPU 184 0 0
CPU 184 2 1
BLOCK 185 2
CPU 185 0 0
CPU 185 2 1
BLOCK 186 2
CPU 186 0 0
CPU 186 2 1
BLOCK 187 2
UNBLOCK 187 2
CPU 187 0 0
CPU 187 2 1
BLOCK 188 2
CPU 188 0 0
CPU 188 2 1
BLOCK 189 2
CPU 189 0 0
CPU 189 2 1
BLOCK 190 2
UNBLOCK 190 2
CPU 190 0 0
CPU 190 2 1
BLOCK 191 2
CPU 191 0 0
CPU 191 2 1
BLOCK 192 2
CPU 192 0 0
CPU 192 2 1
BLOCK 193 2
CPU 193 0 0
CPU 193 2 1
BLOCK 194 2
UNBLOCK 194 2
CPU 194 0 0
CPU 194 2 1
BLOCK 195 2
CPU 195 0 0
CPU 195 2 1
BLOCK 196 2
CPU 196 0 0
CPU 196 2 1
BLOCK 197 2
UNBLOCK 197 2
CPU 197 0 0
CPU 197 2 1
BLOCK 198 2
CPU 198 0 0
CPU 198 2 1
BLOCK 199 2
CPU 199 0 0
CPU 199 2 1
BLOCK 200 2
CPU 200 0 0
CPU 200 2 1
BLOCK 201 2
UNBLOCK 201 2
CPU 201 0 0
CPU 201 2 1
BLOCK 202 2
CPU 202 0 0
CPU 202 2 1
BLOCK 203 2
UNBLOCK 203 2
CPU 203 0 0
CPU 203 2 1
BLOCK 204 2
CPU 204 0 0
CPU 204 2 1
BLOCK 205 2
CPU 205 0 0
CPU 205 2 1
BLOCK 206 2
UNBLOCK 206 2
CPU 206 0 0
CPU 206 2 1
BLOCK 207 2
CPU 207 0 0
CPU 207 2 1
BLOCK 208 2
CPU 208 0 0
CPU 208 2 1
BLOCK 209 2
UNBLOCK 209 2
CPU 209 0 0
CPU 209 2 1
BLOCK 210 2
CPU 210 0 0
CPU 210 2 1
BLOCK 211 2
CPU 211 0 0
CPU 211 2 1
BLOCK 212 2
UNBLOCK 212 2
CPU 212 0 0
CPU 212 2 1
BLOCK 213 2
CPU 213 0 0
CPU 213 2 1
BLOCK 214 2
UNBLOCK 214 2
CPU 214 0 0
CPU 214 2 1
BLOCK 215 2
CPU 215 0 0
CPU 215 2 1
BLOCK 216 2
UNBLOCK 216 2
CPU 216 0 0
CPU 216 2 1
BLOCK 217 2
CPU 217 0 0
CPU 217 2 1
BLOCK 218 2
CPU 218 0 0
CPU 218 2 1
BLOCK 219 2
UNBLOCK 219 2
CPU 219 0 0
CPU 219 2 1
BLOCK 220 2
CPU 220 0 0
CPU 220 2 1
BLOCK 221 2
UNBLOCK 221 2
CPU 221 0 0
CPU 221 2 1
BLOCK 222 2
CPU 222 0 0
CPU 222 2 1
BLOCK 223 2
CPU 223 0 0
CPU 223 2 1
BLOCK 224 2
CPU 224 0 0
CPU 224 2 1
BLOCK 225 2
UNBLOCK 225 2
CPU 225 0 0
CPU 225 2 1
BLOCK 226 2
CPU 226 0 0
CPU 226 2 1
BLOCK 227 2
CPU 227 0 0
CPU 227 2 1
BLOCK 228 2
UNBLOCK 228 2
CPU 228 0 0
CPU 228 2 1
BLOCK 229 2
CPU 229 0 0
CPU 229 2 1
BLOCK 230 2
CPU 230 0 0
CPU 230 2 1
BLOCK 231 2
UNBLOCK 231 2
CPU 231 0 0
CPU 231 2 1
BLOCK 232 2
CPU 232 0 0
CPU 232 2 1
BLOCK 233 2
CPU 233 0 0
CPU 233 2 1
BLOCK 234 2
CPU 234 0 0
CPU 234 2 1
BLOCK 235 2
UNBLOCK 235 2
CPU 235 0 0
CPU 235 2 1
BLOCK 236 2
CPU 236 0 0
CPU 236 2 1
BLOCK 237 2
UNBLOCK 237 2
CPU 237 0 0
CPU 237 2 1
BLOCK 238 2
CPU 238 0 0
CPU 238 2 1
BLOCK 239 2
UNBLOCK 239 2
CPU 239 0 0
CPU 239 2 1
BLOCK 240 2
CPU 240 0 0
CPU 240 2 1
BLOCK 241 2
CPU 241 0 0
CPU 241 2 1
BLOCK 242 2
UNBLOCK 242 2
CPU 242 0 0
CPU 242 2 1
BLOCK 243 2
CPU 243 0 0
CPU 243 2 1
BLOCK 244 2
CPU 244 0 0
CPU 244 2 1
BLOCK 245 2
CPU 245 0 0
CPU 245 2 1
BLOCK 246 2
UNBLOCK 246 2
CPU 246 0 0
CPU 246 2 1
BLOCK 247 2
CPU 247 0 0
CPU 247 2 1
BLOCK 248 2
UNBLOCK 248 2
CPU 248 0 0
CPU 248 2 1
BLOCK 249 2
CPU 249 0 0
CPU 249 2 1
BLOCK 250 2
CPU 250 0 0
CPU 250 2 1
BLOCK 251 2
UNBLOCK 251 2
CPU 251 0 0
CPU 251 2 1
BLOCK 252 2
CPU 252 0 0
CPU 252 2 1
BLOCK 253 2
UNBLOCK 253 2
CPU 253 0 0
CPU 253 2 1
BLOCK 254 2
CPU 254 0 0
CPU 254 2 1
BLOCK 255 2
CPU 255 0 0
CPU 255 2 1
BLOCK 256 2
UNBLOCK 256 2
CPU 256 0 0
CPU 256 2 1
BLOCK 257 2
CPU 257 0 0
CPU 257 2 1
BLOCK 258 2
CPU 258 0 0
CPU 258 2 1
BLOCK 259 2
UNBLOCK 259 2
CPU 259 0 0
CPU 259 2 1
BLOCK 260 2
CPU 260 0 0
CPU 260 2 1
BLOCK 261 2
CPU 261 0 0
CPU 261 2 1
BLOCK 262 2
CPU 262 0 0
CPU 262 2 1
BLOCK 263 2
UNBLOCK 263 2
CPU 263 0 0
CPU 263 2 1
BLOCK 264 2
CPU 264 0 0
CPU 264 2 1
BLOCK 265 2
UNBLOCK 265 2
CPU 265 0 0
CPU 265 2 1
BLOCK 266 2
CPU 266 0 0
CPU 266 2 1
BLOCK 267 2
CPU 267 0 0
CPU 267 2 1
BLOCK 268 2
UNBLOCK 268 2
CPU 268 0 0
CPU 268 2 1
BLOCK 269 2
CPU 269 0 0
CPU 269 2 1
BLOCK 270 2
CPU 270 0 0
CPU 270 2 1
BLOCK 271 2
CPU 271 0 0
CPU 271 2 1
BLOCK 272 2
UNBLOCK 272 2
CPU 272 0 0
CPU 272 2 1
BLOCK 273 2
CPU 273 0 0
CPU 273 2 1
BLOCK 274 2
UNBLOCK 274 2
CPU 274 0 0
CPU 274 2 1
BLOCK 275 2
CPU 275 0 0
CPU 275 2 1
BLOCK 276 2
UNBLOCK 276 2
CPU 276 0 0
CPU 276 2 1
BLOCK 277 2
CPU 277 0 0
CPU 277 2 1
BLOCK 278 2
CPU 278 0 0
CPU 278 2 1
BLOCK 279 2
UNBLOCK 279 2
CPU 279 0 0
CPU 279 2 1
BLOCK 280 2
CPU 280 0 0
CPU 280 2 1
BLOCK 281 2
CPU 281 0 0
CPU 281 2 1
BLOCK 282 2
CPU 282 0 0
CPU 282 2 1
BLOCK 283 2
UNBLOCK 283 2
CPU 283 0 0
CPU 283 2 1
BLOCK 284 2
CPU 284 0 0
CPU 284 2 1
BLOCK 285 2
CPU 285 0 0
CPU 285 2 1
BLOCK 286 2
CPU 286 0 0
CPU 286 2 1
BLOCK 287 2
UNBLOCK 287 2
CPU 287 0 0
CPU 287 2 1
BLOCK 288 2
CPU 288 0 0
CPU 288 2 1
BLOCK 289 2
CPU 289 0 0
CPU 289 2 1
BLOCK 290 2
UNBLOCK 290 2
CPU 290 0 0
CPU 290 2 1
BLOCK 291 2
CPU 291 0 0
CPU 291 2 1
BLOCK 292 2
CPU 292 0 0
CPU 292 2 1
BLOCK 293 2
CPU 293 0 0
CPU 293 2 1
BLOCK 294 2
UNBLOCK 294 2
CPU 294 0 0
CPU 294 2 1
BLOCK 295 2
CPU 295 0 0
CPU 295 2 1
BLOCK 296 2
CPU 296 0 0
CPU 296 2 1
BLOCK 297 2
UNBLOCK 297 2
CPU 297 0 0
CPU 297 2 1
BLOCK 298 2
CPU 298 0 0
CPU 298 2 1
BLOCK 299 2
CPU 299 0 0
CPU 299 2 1
BLOCK 300 2
CPU 300 0 0
CPU 300 2 1
BLOCK 301 2
UNBLOCK 301 2
CPU 301 0 0
CPU 301 2 1
BLOCK 302 2
CPU 302 0 0
CPU 302 2 1
BLOCK 303 2
CPU 303 0 0
CPU 303 2 1
BLOCK 304 2
UNBLOCK 304 2
CPU 304 0 0
CPU 304 2 1
BLOCK 305 2
CPU 305 0 0
CPU 305 2 1
BLOCK 306 2
CPU 306 0 0
CPU 306 2 1
BLOCK 307 2
UNBLOCK 307 2
CPU 307 0 0
CPU 307 2 1
BLOCK 308 2
CPU 308 0 0
CPU 308 2 1
BLOCK 309 2
UNBLOCK 309 2
CPU 309 0 0
CPU 309 2 1
BLOCK 310 2
CPU 310 0 0
CPU 310 2 1
BLOCK 311 2
UNBLOCK 311 2
CPU 311 0 0
CPU 311 2 1
BLOCK 312 2
CPU 312 0 0
CPU 312 2 1
BLOCK 313 2
CPU 313 0 0
CPU 313 2 1
BLOCK 314 2
CPU 314 0 0
CPU 314 2 1
BLOCK 315 2
UNBLOCK 315 2
CPU 315 0 0
CPU 315 2 1
BLOCK 316 2
CPU 316 0 0
CPU 316 2 1
BLOCK 317 2
CPU 317 0 0
CPU 317 2 1
BLOCK 318 2
UNBLOCK 318 2
CPU 318 0 0
CPU 318 2 1
BLOCK 319 2
CPU 319 0 0
CPU 319 2 1
BLOCK 320 2
CPU 320 0 0
CPU 320 2 1
BLOCK 321 2
UNBLOCK 321 2
CPU 321 0 0
CPU 321 2 1
BLOCK 322 2
CPU 322 0 0
CPU 322 2 1
BLOCK 323 2
CPU 323 0 0
CPU 323 2 1
BLOCK 324 2
UNBLOCK 324 2
CPU 324 0 0
CPU 324 2 1
BLOCK 325 2
CPU 325 0 0
CPU 325 2 1
BLOCK 326 2
CPU 326 0 0
CPU 326 2 1
BLOCK 327 2
UNBLOCK 327 2
CPU 327 0 0
CPU 327 2 1
BLOCK 328 2
CPU 328 0 0
CPU 328 2 1
BLOCK 329 2
CPU 329 0 0
CPU 329 2 1
BLOCK 330 2
UNBLOCK 330 2
CPU 330 0 0
CPU 330 2 1
BLOCK 331 2
CPU 331 0 0
CPU 331 2 1
BLOCK 332 2
CPU 332 0 0
CPU 332 2 1
BLOCK 333 2
UNBLOCK 333 2
CPU 333 0 0
CPU 333 2 1
BLOCK 334 2
CPU 334 0 0
CPU 334 2 1
BLOCK 335 2
CPU 335 0 0
CPU 335 2 1
BLOCK 336 2
CPU 336 0 0
CPU 336 2 1
BLOCK 337 2
UNBLOCK 337 2
CPU 337 0 0
CPU 337 2 1
BLOCK 338 2
CPU 338 0 0
CPU 338 2 1
BLOCK 339 2
CPU 339 0 0
CPU 339 2 1
BLOCK 340 2
UNBLOCK 340 2
CPU 340 0 0
CPU 340 2 1
BLOCK 341 2
CPU 341 0 0
CPU 341 2 1
BLOCK 342 2
UNBLOCK 342 2
CPU 342 0 0
CPU 342 2 1
BLOCK 343 2
CPU 343 0 0
CPU 343 2 1
BLOCK 344 2
UNBLOCK 344 2
CPU 344 0 0
CPU 344 2 1
BLOCK 345 2
CPU 345 0 0
CPU 345 2 1
BLOCK 346 2
CPU 346 0 0
CPU 346 2 1
BLOCK 347 2
CPU 347 0 0
CPU 347 2 1
BLOCK 348 2
UNBLOCK 348 2
CPU 348 0 0
CPU 348 2 1
BLOCK 349 2
CPU 349 0 0
CPU 349 2 1
BLOCK 350 2
CPU 350 0 0
CPU 350 2 1
BLOCK 351 2
CPU 351 0 0
CPU 351 2 1
BLOCK 352 2
UNBLOCK 352 2
CPU 352 0 0
CPU 352 2 1
BLOCK 353 2
CPU 353 0 0
CPU 353 2 1
BLOCK 354 2
CPU 354 0 0
CPU 354 2 1
BLOCK 355 2
CPU 355 0 0
CPU 355 2 1
BLOCK 356 2
UNBLOCK 356 2
CPU 356 0 0
CPU 356 2 1
BLOCK 357 2
CPU 357 0 0
CPU 357 2 1
BLOCK 358 2
CPU 358 0 0
CPU 358 2 1
BLOCK 359 2
UNBLOCK 359 2
CPU 359 0 0
CPU 359 2 1
BLOCK 360 2
CPU 360 0 0
CPU 360 2 1
BLOCK 361 2
UNBLOCK 361 2
CPU 361 0 0
CPU 361 2 1
BLOCK 362 2
CPU 362 0 0
CPU 362 2 1
BLOCK 363 2
CPU 363 0 0
CPU 363 2 1
BLOCK 364 2
CPU 364 0 0
CPU 364 2 1
BLOCK 365 2
UNBLOCK 365 2
CPU 365 0 0
CPU 365 2 1
BLOCK 366 2
CPU 366 0 0
CPU 366 2 1
BLOCK 367 2
CPU 367 0 0
CPU 367 2 1
BLOCK 368 2
CPU 368 0 0
CPU 368 2 1
BLOCK 369 2
UNBLOCK 369 2
CPU 369 0 0
CPU 369 2 1
BLOCK 370 2
CPU 370 0 0
CPU 370 2 1
BLOCK 371 2
CPU 371 0 0
CPU 371 2 1
BLOCK 372 2
UNBLOCK 372 2
CPU 372 0 0
CPU 372 2 1
BLOCK 373 2
CPU 373 0 0
CPU 373 2 1
BLOCK 374 2
CPU 374 0 0
CPU 374 2 1
BLOCK 375 2
CPU 375 0 0
CPU 375 2 1
BLOCK 376 2
UNBLOCK 376 2
CPU 376 0 0
CPU 376 2 1
BLOCK 377 2
CPU 377 0 0
CPU 377 2 1
BLOCK 378 2
UNBLOCK 378 2
CPU 378 0 0
CPU 378 2 1
BLOCK 379 2
CPU 379 0 0
CPU 379 2 1
BLOCK 380 2
UNBLOCK 380 2
CPU 380 0 0
CPU 380 2 1
BLOCK 381 2
CPU 381 0 0
CPU 381 2 1
BLOCK 382 2
UNBLOCK 382 2
CPU 382 0 0
CPU 382 2 1
BLOCK 383 2
CPU 383 0 0
CPU 383 2 1
BLOCK 384 2
CPU 384 0 0
CPU 384 2 1
BLOCK 385 2
CPU 385 0 0
CPU 385 2 1
BLOCK 386 2
UNBLOCK 386 2
CPU 386 0 0
CPU 386 2 1
BLOCK 387 2
CPU 387 0 0
CPU 387 2 1
BLOCK 388 2
UNBLOCK 388 2
CPU 388 0 0
CPU 388 2 1
BLOCK 389 2
CPU 389 0 0
CPU 389 2 1
BLOCK 390 2
CPU 390 0 0
CPU 390 2 1
BLOCK 391 2
UNBLOCK 391 2
CPU 391 0 0
CPU 391 2 1
BLOCK 392 2
CPU 392 0 0
CPU 392 2 1
BLOCK 393 2
UNBLOCK 393 2
CPU 393 0 0
CPU 393 2 1
BLOCK 394 2
CPU 394 0 0
CPU 394 2 1
BLOCK 395 2
CPU 395 0 0
CPU 395 2 1
BLOCK 396 2
UNBLOCK 396 2
CPU 396 0 0
CPU 396 2 1
BLOCK 397 2
CPU 397 0 0
CPU 397 2 1
BLOCK 398 2
CPU 398 0 0
CPU 398 2 1
BLOCK 399 2
UNBLOCK 399 2
CPU 399 0 0
CPU 399 2 1
BLOCK 400 2
CPU 400 0 0
CPU 400 2 1
BLOCK 401 2
CPU 401 0 0
CPU 401 2 1
BLOCK 402 2
UNBLOCK 402 2
CPU 402 0 0
CPU 402 2 1
BLOCK 403 2
CPU 403 0 0
CPU 403 2 1
BLOCK 404 2
CPU 404 0 0
CPU 404 2 1
BLOCK 405 2
CPU 405 0 0
CPU 405 2 1
BLOCK 406 2
UNBLOCK 406 2
CPU 406 0 0
CPU 406 2 1
BLOCK 407 2
CPU 407 0 0
CPU 407 2 1
BLOCK 408 2
CPU 408 0 0
CPU 408 2 1
BLOCK 409 2
UNBLOCK 409 2
CPU 409 0 0
CPU 409 2 1
BLOCK 410 2
CPU 410 0 0
CPU 410 2 1
BLOCK 411 2
CPU 411 0 0
CPU 411 2 1
BLOCK 412 2
CPU 412 0 0
CPU 412 2 1
BLOCK 413 2
UNBLOCK 413 2
CPU 413 0 0
CPU 413 2 1
BLOCK 414 2
CPU 414 0 0
CPU 414 2 1
BLOCK 415 2
UNBLOCK 415 2
CPU 415 0 0
CPU 415 2 1
BLOCK 416 2
CPU 416 0 0
CPU 416 2 1
BLOCK 417 2
CPU 417 0 0
CPU 417 2 1
BLOCK 418 2
CPU 418 0 0
CPU 418 2 1
BLOCK 419 2
UNBLOCK 419 2
CPU 419 0 0
CPU 419 2 1
BLOCK 420 2
CPU 420 0 0
CPU 420 2 1
BLOCK 421 2
CPU 421 0 0
CPU 421 2 1
BLOCK 422 2
UNBLOCK 422 2
CPU 422 0 0
CPU 422 2 1
BLOCK 423 2
CPU 423 0 0
CPU 423 2 1
BLOCK 424 2
CPU 424 0 0
CPU 424 2 1
BLOCK 425 2
CPU 425 0 0
CPU 425 2 1
BLOCK 426 2
UNBLOCK 426 2
CPU 426 0 0
CPU 426 2 1
BLOCK 427 2
CPU 427 0 0
CPU 427 2 1
BLOCK 428 2
CPU 428 0 0
CPU 428 2 1
BLOCK 429 2
CPU 429 0 0
CPU 429 2 1
BLOCK 430 2
UNBLOCK 430 2
CPU 430 0 0
CPU 430 2 1
BLOCK 431 2
CPU 431 0 0
CPU 431 2 1
BLOCK 432 2
CPU 432 0 0
CPU 432 2 1
BLOCK 433 2
CPU 433 0 0
CPU 433 2 1
BLOCK 434 2
UNBLOCK 434 2
CPU 434 0 0
CPU 434 2 1
BLOCK 435 2
CPU 435 0 0
CPU 435 2 1
BLOCK 436 2
CPU 436 0 0
CPU 436 2 1
BLOCK 437 2
UNBLOCK 437 2
CPU 437 0 0
CPU 437 2 1
BLOCK 438 2
CPU 438 0 0
CPU 438 2 1
BLOCK 439 2
UNBLOCK 439 2
CPU 439 0 0
CPU 439 2 1
BLOCK 440 2
CPU 440 0 0
CPU 440 2 1
BLOCK 441 2
UNBLOCK 441 2
CPU 441 0 0
CPU 441 2 1
BLOCK 442 2
CPU 442 0 0
CPU 442 2 1
BLOCK 443 2
UNBLOCK 443 2
CPU 443 0 0
CPU 443 2 1
BLOCK 444 2
CPU 444 0 0
CPU 444 2 1
BLOCK 445 2
UNBLOCK 445 2
CPU 445 0 0
CPU 445 2 1
BLOCK 446 2
CPU 446 0 0
CPU 446 2 1
BLOCK 447 2
UNBLOCK 447 2
CPU 447 0 0
CPU 447 2 1
BLOCK 448 2
CPU 448 0 0
CPU 448 2 1
BLOCK 449 2
CPU 449 0 0
CPU 449 2 1
BLOCK 450 2
UNBLOCK 450 2
CPU 450 0 0
CPU 450 2 1
BLOCK 451 2
CPU 451 0 0
CPU 451 2 1
BLOCK 452 2
CPU 452 0 0
CPU 452 2 1
BLOCK 453 2
UNBLOCK 453 2
CPU 453 0 0
CPU 453 2 1
BLOCK 454 2
CPU 454 0 0
CPU 454 2 1
BLOCK 455 2
CPU 455 0 0
CPU 455 2 1
BLOCK 456 2
CPU 456 0 0
CPU 456 2 1
BLOCK 457 2
UNBLOCK 457 2
CPU 457 0 0
CPU 457 2 1
BLOCK 458 2
CPU 458 0 0
CPU 458 2 1
BLOCK 459 2
CPU 459 0 0
CPU 459 2 1
BLOCK 460 2
UNBLOCK 460 2
CPU 460 0 0
CPU 460 2 1
BLOCK 461 2
CPU 461 0 0
CPU 461 2 1
BLOCK 462 2
CPU 462 0 0
CPU 462 2 1
BLOCK 463 2
CPU 463 0 0
CPU 463 2 1
BLOCK 464 2
UNBLOCK 464 2
CPU 464 0 0
CPU 464 2 1
EXIT 465 2 1
CPU 465 0 0
# CONTEXT CPU 1 465
CPU 466 0 0
# CONTEXT CPU 1 466
CPU 467 0 0
# CONTEXT CPU 1 467
CPU 468 0 0
# CONTEXT CPU 1 468
CPU 469 0 0
# CONTEXT CPU 1 469
CPU 470 0 0
CPU 470 3 1
BLOCK 471 3
CPU 471 0 0
CPU 471 3 1
BLOCK 472 3
UNBLOCK 472 3
CPU 472 0 0
CPU 472 3 1
BLOCK 473 3
CPU 473 0 0
CPU 473 3 1
BLOCK 474 3
UNBLOCK 474 3
CPU 474 0 0
CPU 474 3 1
BLOCK 475 3
CPU 475 0 0
CPU 475 3 1
BLOCK 476 3
CPU 476 0 0
CPU 476 3 1
BLOCK 477 3
UNBLOCK 477 3
CPU 477 0 0
CPU 477 3 1
BLOCK 478 3
CPU 478 0 0
CPU 478 3 1
BLOCK 479 3
CPU 479 0 0
CPU 479 3 1
BLOCK 480 3
UNBLOCK 480 3
CPU 480 0 0
CPU 480 3 1
BLOCK 481 3
CPU 481 0 0
CPU 481 3 1
BLOCK 482 3
UNBLOCK 482 3
CPU 482 0 0
CPU 482 3 1
BLOCK 483 3
CPU 483 0 0
CPU 483 3 1
BLOCK 484 3
UNBLOCK 484 3
CPU 484 0 0
CPU 484 3 1
BLOCK 485 3
CPU 485 0 0
CPU 485 3 1
BLOCK 486 3
CPU 486 0 0
CPU 486 3 1
BLOCK 487 3
CPU 487 0 0
CPU 487 3 1
BLOCK 488 3
UNBLOCK 488 3
CPU 488 0 0
CPU 488 3 1
BLOCK 489 3
CPU 489 0 0
CPU 489 3 1
BLOCK 490 3
CPU 490 0 0
CPU 490 3 1
BLOCK 491 3
UNBLOCK 491 3
CPU 491 0 0
CPU 491 3 1
BLOCK 492 3
CPU 492 0 0
CPU 492 3 1
BLOCK 493 3
CPU 493 0 0
CPU 493 3 1
BLOCK 494 3
UNBLOCK 494 3
CPU 494 0 0
CPU 494 3 1
BLOCK 495 3
CPU 495 0 0
CPU 495 3 1
BLOCK 496 3
CPU 496 0 0
CPU 496 3 1
BLOCK 497 3
CPU 497 0 0
CPU 497 3 1
BLOCK 498 3
UNBLOCK 498 3
CPU 498 0 0
CPU 498 3 1
BLOCK 499 3
CPU 499 0 0
CPU 499 3 1
BLOCK 500 3
CPU 500 0 0
CPU 500 3 1
BLOCK 501 3
UNBLOCK 501 3
CPU 501 0 0
CPU 501 3 1
BLOCK 502 3
CPU 502 0 0
CPU 502 3 1
BLOCK 503 3
CPU 503 0 0
CPU 503 3 1
BLOCK 504 3
CPU 504 0 0
CPU 504 3 1
BLOCK 505 3
UNBLOCK 505 3
CPU 505 0 0
CPU 505 3 1
EXIT 506 0 0
BLOCK 506 3
CPU 506 -1 0
CPU 506 3 1
BLOCK 507 3
UNBLOCK 507 3
CPU 507 -1 0
CPU 507 3 1
BLOCK 508 3
CPU 508 -1 0
CPU 508 3 1
BLOCK 509 3
CPU 509 -1 0
CPU 509 3 1
BLOCK 510 3
UNBLOCK 510 3
CPU 510 -1 0
CPU 510 3 1
BLOCK 511 3
CPU 511 -1 0
CPU 511 3 1
BLOCK 512 3
CPU 512 -1 0
CPU 512 3 1
BLOCK 513 3
UNBLOCK 513 3
CPU 513 -1 0
CPU 513 3 1
BLOCK 514 3
CPU 514 -1 0
CPU 514 3 1
BLOCK 515 3
CPU 515 -1 0
CPU 515 3 1
BLOCK 516 3
UNBLOCK 516 3
CPU 516 -1 0
CPU 516 3 1
BLOCK 517 3
CPU 517 -1 0
CPU 517 3 1
BLOCK 518 3
UNBLOCK 518 3
CPU 518 -1 0
CPU 518 3 1
BLOCK 519 3
CPU 519 -1 0
CPU 519 3 1
BLOCK 520 3
UNBLOCK 520 3
CPU 520 -1 0
CPU 520 3 1
BLOCK 521 3
CPU 521 -1 0
CPU 521 3 1
BLOCK 522 3
CPU 522 -1 0
CPU 522 3 1
BLOCK 523 3
UNBLOCK 523 3
CPU 523 -1 0
CPU 523 3 1
BLOCK 524 3
CPU 524 -1 0
CPU 524 3 1
BLOCK 525 3
UNBLOCK 525 3
CPU 525 -1 0
CPU 525 3 1
EXIT 526 3 1
CPU 526 -1 0
CPU 526 -1 1
