# SETTINGS simusched ej2/tasks_ej2.tsk 1 5 1 SchedFCFS
LOAD 0 0
# CONTEXT CPU 0 0
# CONTEXT CPU 0 1
# CONTEXT CPU 0 2
# CONTEXT CPU 0 3
# CONTEXT CPU 0 4
CPU 5 0 0
CPU 6 0 0
CPU 7 0 0
CPU 8 0 0
CPU 9 0 0
LOAD 10 1
CPU 10 0 0
CPU 11 0 0
CPU 12 0 0
CPU 13 0 0
CPU 14 0 0
CPU 15 0 0
CPU 16 0 0
CPU 17 0 0
CPU 18 0 0
CPU 19 0 0
LOAD 20 2
CPU 20 0 0
CPU 21 0 0
CPU 22 0 0
CPU 23 0 0
CPU 24 0 0
CPU 25 0 0
CPU 26 0 0
CPU 27 0 0
CPU 28 0 0
CPU 29 0 0
LOAD 30 3
CPU 30 0 0
CPU 31 0 0
CPU 32 0 0
CPU 33 0 0
CPU 34 0 0
CPU 35 0 0
CPU 36 0 0
CPU 37 0 0
CPU 38 0 0
CPU 39 0 0
CPU 40 0 0
CPU 41 0 0
CPU 42 0 0
CPU 43 0 0
CPU 44 0 0
CPU 45 0 0
CPU 46 0 0
CPU 47 0 0
CPU 48 0 0
CPU 49 0 0
CPU 50 0 0
CPU 51 0 0
CPU 52 0 0
CPU 53 0 0
CPU 54 0 0
CPU 55 0 0
CPU 56 0 0
CPU 57 0 0
CPU 58 0 0
CPU 59 0 0
CPU 60 0 0
CPU 61 0 0
CPU 62 0 0
CPU 63 0 0
CPU 64 0 0
CPU 65 0 0
CPU 66 0 0
CPU 67 0 0
CPU 68 0 0
CPU 69 0 0
CPU 70 0 0
CPU 71 0 0
CPU 72 0 0
CPU 73 0 0
CPU 74 0 0
CPU 75 0 0
CPU 76 0 0
CPU 77 0 0
CPU 78 0 0
CPU 79 0 0
CPU 80 0 0
CPU 81 0 0
CPU 82 0 0
CPU 83 0 0
CPU 84 0 0
CPU 85 0 0
CPU 86 0 0
CPU 87 0 0
CPU 88 0 0
CPU 89 0 0
CPU 90 0 0
CPU 91 0 0
CPU 92 0 0
CPU 93 0 0
CPU 94 0 0
CPU 95 0 0
CPU 96 0 0
CPU 97 0 0
CPU 98 0 0
CPU 99 0 0
CPU 100 0 0
CPU 101 0 0
CPU 102 0 0
CPU 103 0 0
CPU 104 0 0
CPU 105 0 0
CPU 106 0 0
CPU 107 0 0
CPU 108 0 0
CPU 109 0 0
CPU 110 0 0
CPU 111 0 0
CPU 112 0 0
CPU 113 0 0
CPU 114 0 0
CPU 115 0 0
CPU 116 0 0
CPU 117 0 0
CPU 118 0 0
CPU 119 0 0
CPU 120 0 0
CPU 121 0 0
CPU 122 0 0
CPU 123 0 0
CPU 124 0 0
CPU 125 0 0
CPU 126 0 0
CPU 127 0 0
CPU 128 0 0
CPU 129 0 0
CPU 130 0 0
CPU 131 0 0
CPU 132 0 0
CPU 133 0 0
CPU 134 0 0
CPU 135 0 0
CPU 136 0 0
CPU 137 0 0
CPU 138 0 0
CPU 139 0 0
CPU 140 0 0
CPU 141 0 0
CPU 142 0 0
CPU 143 0 0
CPU 144 0 0
CPU 145 0 0
CPU 146 0 0
CPU 147 0 0
CPU 148 0 0
CPU 149 0 0
CPU 150 0 0
CPU 151 0 0
CPU 152 0 0
CPU 153 0 0
CPU 154 0 0
CPU 155 0 0
CPU 156 0 0
CPU 157 0 0
CPU 158 0 0
CPU 159 0 0
CPU 160 0 0
CPU 161 0 0
CPU 162 0 0
CPU 163 0 0
CPU 164 0 0
CPU 165 0 0
CPU 166 0 0
CPU 167 0 0
CPU 168 0 0
CPU 169 0 0
CPU 170 0 0
CPU 171 0 0
CPU 172 0 0
CPU 173 0 0
CPU 174 0 0
CPU 175 0 0
CPU 176 0 0
CPU 177 0 0
CPU 178 0 0
CPU 179 0 0
CPU 180 0 0
CPU 181 0 0
CPU 182 0 0
CPU 183 0 0
CPU 184 0 0
CPU 185 0 0
CPU 186 0 0
CPU 187 0 0
CPU 188 0 0
CPU 189 0 0
CPU 190 0 0
CPU 191 0 0
CPU 192 0 0
CPU 193 0 0
CPU 194 0 0
CPU 195 0 0
CPU 196 0 0
CPU 197 0 0
CPU 198 0 0
CPU 199 0 0
CPU 200 0 0
CPU 201 0 0
CPU 202 0 0
CPU 203 0 0
CPU 204 0 0
CPU 205 0 0
CPU 206 0 0
CPU 207 0 0
CPU 208 0 0
CPU 209 0 0
CPU 210 0 0
CPU 211 0 0
CPU 212 0 0
CPU 213 0 0
CPU 214 0 0
CPU 215 0 0
CPU 216 0 0
CPU 217 0 0
CPU 218 0 0
CPU 219 0 0
CPU 220 0 0
CPU 221 0 0
CPU 222 0 0
CPU 223 0 0
CPU 224 0 0
CPU 225 0 0
CPU 226 0 0
CPU 227 0 0
CPU 228 0 0
CPU 229 0 0
CPU 230 0 0
CPU 231 0 0
CPU 232 0 0
CPU 233 0 0
CPU 234 0 0
CPU 235 0 0
CPU 236 0 0
CPU 237 0 0
CPU 238 0 0
CPU 239 0 0
CPU 240 0 0
CPU 241 0 0
CPU 242 0 0
CPU 243 0 0
CPU 244 0 0
CPU 245 0 0
CPU 246 0 0
CPU 247 0 0
CPU 248 0 0
CPU 249 0 0
CPU 250 0 0
CPU 251 0 0
CPU 252 0 0
CPU 253 0 0
CPU 254 0 0
CPU 255 0 0
CPU 256 0 0
CPU 257 0 0
CPU 258 0 0
CPU 259 0 0
CPU 260 0 0
CPU 261 0 0
CPU 262 0 0
CPU 263 0 0
CPU 264 0 0
CPU 265 0 0
CPU 266 0 0
CPU 267 0 0
CPU 268 0 0
CPU 269 0 0
CPU 270 0 0
CPU 271 0 0
CPU 272 0 0
CPU 273 0 0
CPU 274 0 0
CPU 275 0 0
CPU 276 0 0
CPU 277 0 0
CPU 278 0 0
CPU 279 0 0
CPU 280 0 0
CPU 281 0 0
CPU 282 0 0
CPU 283 0 0
CPU 284 0 0
CPU 285 0 0
CPU 286 0 0
CPU 287 0 0
CPU 288 0 0
CPU 289 0 0
CPU 290 0 0
CPU 291 0 0
CPU 292 0 0
CPU 293 0 0
CPU 294 0 0
CPU 295 0 0
CPU 296 0 0
CPU 297 0 0
CPU 298 0 0
CPU 299 0 0
CPU 300 0 0
CPU 301 0 0
CPU 302 0 0
CPU 303 0 0
CPU 304 0 0
CPU 305 0 0
CPU 306 0 0
CPU 307 0 0
CPU 308 0 0
CPU 309 0 0
CPU 310 0 0
CPU 311 0 0
CPU 312 0 0
CPU 313 0 0
CPU 314 0 0
CPU 315 0 0
CPU 316 0 0
CPU 317 0 0
CPU 318 0 0
CPU 319 0 0
CPU 320 0 0
CPU 321 0 0
CPU 322 0 0
CPU 323 0 0
CPU 324 0 0
CPU 325 0 0
CPU 326 0 0
CPU 327 0 0
CPU 328 0 0
CPU 329 0 0
CPU 330 0 0
CPU 331 0 0
CPU 332 0 0
CPU 333 0 0
CPU 334 0 0
CPU 335 0 0
CPU 336 0 0
CPU 337 0 0
CPU 338 0 0
CPU 339 0 0
CPU 340 0 0
CPU 341 0 0
CPU 342 0 0
CPU 343 0 0
CPU 344 0 0
CPU 345 0 0
CPU 346 0 0
CPU 347 0 0
CPU 348 0 0
CPU 349 0 0
CPU 350 0 0
CPU 351 0 0
CPU 352 0 0
CPU 353 0 0
CPU 354 0 0
CPU 355 0 0
CPU 356 0 0
CPU 357 0 0
CPU 358 0 0
CPU 359 0 0
CPU 360 0 0
CPU 361 0 0
CPU 362 0 0
CPU 363 0 0
CPU 364 0 0
CPU 365 0 0
CPU 366 0 0
CPU 367 0 0
CPU 368 0 0
CPU 369 0 0
CPU 370 0 0
CPU 371 0 0
CPU 372 0 0
CPU 373 0 0
CPU 374 0 0
CPU 375 0 0
CPU 376 0 0
CPU 377 0 0
CPU 378 0 0
CPU 379 0 0
CPU 380 0 0
CPU 381 0 0
CPU 382 0 0
CPU 383 0 0
CPU 384 0 0
CPU 385 0 0
CPU 386 0 0
CPU 387 0 0
CPU 388 0 0
CPU 389 0 0
CPU 390 0 0
CPU 391 0 0
CPU 392 0 0
CPU 393 0 0
CPU 394 0 0
CPU 395 0 0
CPU 396 0 0
CPU 397 0 0
CPU 398 0 0
CPU 399 0 0
CPU 400 0 0
CPU 401 0 0
CPU 402 0 0
CPU 403 0 0
CPU 404 0 0
CPU 405 0 0
CPU 406 0 0
CPU 407 0 0
CPU 408 0 0
CPU 409 0 0
CPU 410 0 0
CPU 411 0 0
CPU 412 0 0
CPU 413 0 0
CPU 414 0 0
CPU 415 0 0
CPU 416 0 0
CPU 417 0 0
CPU 418 0 0
CPU 419 0 0
CPU 420 0 0
CPU 421 0 0
CPU 422 0 0
CPU 423 0 0
CPU 424 0 0
CPU 425 0 0
CPU 426 0 0
CPU 427 0 0
CPU 428 0 0
CPU 429 0 0
CPU 430 0 0
CPU 431 0 0
CPU 432 0 0
CPU 433 0 0
CPU 434 0 0
CPU 435 0 0
CPU 436 0 0
CPU 437 0 0
CPU 438 0 0
CPU 439 0 0
CPU 440 0 0
CPU 441 0 0
CPU 442 0 0
CPU 443 0 0
CPU 444 0 0
CPU 445 0 0
CPU 446 0 0
CPU 447 0 0
CPU 448 0 0
CPU 449 0 0
CPU 450 0 0
CPU 451 0 0
CPU 452 0 0
CPU 453 0 0
CPU 454 0 0
CPU 455 0 0
CPU 456 0 0
CPU 457 0 0
CPU 458 0 0
CPU 459 0 0
CPU 460 0 0
CPU 461 0 0
CPU 462 0 0
CPU 463 0 0
CPU 464 0 0
CPU 465 0 0
CPU 466 0 0
CPU 467 0 0
CPU 468 0 0
CPU 469 0 0
CPU 470 0 0
CPU 471 0 0
CPU 472 0 0
CPU 473 0 0
CPU 474 0 0
CPU 475 0 0
CPU 476 0 0
CPU 477 0 0
CPU 478 0 0
CPU 479 0 0
CPU 480 0 0
CPU 481 0 0
CPU 482 0 0
CPU 483 0 0
CPU 484 0 0
CPU 485 0 0
CPU 486 0 0
CPU 487 0 0
CPU 488 0 0
CPU 489 0 0
CPU 490 0 0
CPU 491 0 0
CPU 492 0 0
CPU 493 0 0
CPU 494 0 0
CPU 495 0 0
CPU 496 0 0
CPU 497 0 0
CPU 498 0 0
CPU 499 0 0
CPU 500 0 0
CPU 501 0 0
CPU 502 0 0
CPU 503 0 0
CPU 504 0 0
CPU 505 0 0
EXIT 506 0 0
# CONTEXT CPU 0 506
# CONTEXT CPU 0 507
# CONTEXT CPU 0 508
# CONTEXT CPU 0 509
# CONTEXT CPU 0 510
CPU 511 1 0
BLOCK 512 1
CPU 512 1 0
BLOCK 513 1
CPU 513 1 0
BLOCK 514 1
CPU 514 1 0
BLOCK 515 1
UNBLOCK 515 1
CPU 515 1 0
BLOCK 516 1
CPU 516 1 0
BLOCK 517 1
UNBLOCK 517 1
CPU 517 1 0
BLOCK 518 1
CPU 518 1 0
BLOCK 519 1
UNBLOCK 519 1
CPU 519 1 0
BLOCK 520 1
CPU 520 1 0
BLOCK 521 1
CPU 521 1 0
BLOCK 522 1
UNBLOCK 522 1
CPU 522 1 0
BLOCK 523 1
CPU 523 1 0
BLOCK 524 1
CPU 524 1 0
BLOCK 525 1
CPU 525 1 0
BLOCK 526 1
UNBLOCK 526 1
CPU 526 1 0
BLOCK 527 1
CPU 527 1 0
BLOCK 528 1
UNBLOCK 528 1
CPU 528 1 0
BLOCK 529 1
CPU 529 1 0
BLOCK 530 1
UNBLOCK 530 1
CPU 530 1 0
BLOCK 531 1
CPU 531 1 0
BLOCK 532 1
UNBLOCK 532 1
CPU 532 1 0
BLOCK 533 1
CPU 533 1 0
BLOCK 534 1
CPU 534 1 0
BLOCK 535 1
CPU 535 1 0
BLOCK 536 1
UNBLOCK 536 1
CPU 536 1 0
BLOCK 537 1
CPU 537 1 0
BLOCK 538 1
UNBLOCK 538 1
CPU 538 1 0
BLOCK 539 1
CPU 539 1 0
BLOCK 540 1
CPU 540 1 0
BLOCK 541 1
CPU 541 1 0
BLOCK 542 1
UNBLOCK 542 1
CPU 542 1 0
BLOCK 543 1
CPU 543 1 0
BLOCK 544 1
UNBLOCK 544 1
CPU 544 1 0
BLOCK 545 1
CPU 545 1 0
BLOCK 546 1
CPU 546 1 0
BLOCK 547 1
CPU 547 1 0
BLOCK 548 1
UNBLOCK 548 1
CPU 548 1 0
BLOCK 549 1
CPU 549 1 0
BLOCK 550 1
UNBLOCK 550 1
CPU 550 1 0
BLOCK 551 1
CPU 551 1 0
BLOCK 552 1
CPU 552 1 0
BLOCK 553 1
UNBLOCK 553 1
CPU 553 1 0
BLOCK 554 1
CPU 554 1 0
BLOCK 555 1
CPU 555 1 0
BLOCK 556 1
UNBLOCK 556 1
CPU 556 1 0
BLOCK 557 1
CPU 557 1 0
BLOCK 558 1
UNBLOCK 558 1
CPU 558 1 0
BLOCK 559 1
CPU 559 1 0
BLOCK 560 1
CPU 560 1 0
BLOCK 561 1
CPU 561 1 0
BLOCK 562 1
UNBLOCK 562 1
CPU 562 1 0
BLOCK 563 1
CPU 563 1 0
BLOCK 564 1
CPU 564 1 0
BLOCK 565 1
CPU 565 1 0
BLOCK 566 1
UNBLOCK 566 1
CPU 566 1 0
BLOCK 567 1
CPU 567 1 0
BLOCK 568 1
CPU 568 1 0
BLOCK 569 1
UNBLOCK 569 1
CPU 569 1 0
BLOCK 570 1
CPU 570 1 0
BLOCK 571 1
UNBLOCK 571 1
CPU 571 1 0
BLOCK 572 1
CPU 572 1 0
BLOCK 573 1
UNBLOCK 573 1
CPU 573 1 0
BLOCK 574 1
CPU 574 1 0
BLOCK 575 1
CPU 575 1 0
BLOCK 576 1
UNBLOCK 576 1
CPU 576 1 0
BLOCK 577 1
CPU 577 1 0
BLOCK 578 1
CPU 578 1 0
BLOCK 579 1
CPU 579 1 0
BLOCK 580 1
UNBLOCK 580 1
CPU 580 1 0
BLOCK 581 1
CPU 581 1 0
BLOCK 582 1
CPU 582 1 0
BLOCK 583 1
UNBLOCK 583 1
CPU 583 1 0
BLOCK 584 1
CPU 584 1 0
BLOCK 585 1
UNBLOCK 585 1
CPU 585 1 0
BLOCK 586 1
CPU 586 1 0
BLOCK 587 1
CPU 587 1 0
BLOCK 588 1
UNBLOCK 588 1
CPU 588 1 0
BLOCK 589 1
CPU 589 1 0
BLOCK 590 1
UNBLOCK 590 1
CPU 590 1 0
BLOCK 591 1
CPU 591 1 0
BLOCK 592 1
CPU 592 1 0
BLOCK 593 1
CPU 593 1 0
BLOCK 594 1
UNBLOCK 594 1
CPU 594 1 0
BLOCK 595 1
CPU 595 1 0
BLOCK 596 1
CPU 596 1 0
BLOCK 597 1
UNBLOCK 597 1
CPU 597 1 0
BLOCK 598 1
CPU 598 1 0
BLOCK 599 1
UNBLOCK 599 1
CPU 599 1 0
BLOCK 600 1
CPU 600 1 0
BLOCK 601 1
CPU 601 1 0
BLOCK 602 1
CPU 602 1 0
BLOCK 603 1
UNBLOCK 603 1
CPU 603 1 0
BLOCK 604 1
CPU 604 1 0
BLOCK 605 1
UNBLOCK 605 1
CPU 605 1 0
BLOCK 606 1
CPU 606 1 0
BLOCK 607 1
CPU 607 1 0
BLOCK 608 1
UNBLOCK 608 1
CPU 608 1 0
BLOCK 609 1
CPU 609 1 0
BLOCK 610 1
CPU 610 1 0
BLOCK 611 1
UNBLOCK 611 1
CPU 611 1 0
BLOCK 612 1
CPU 612 1 0
BLOCK 613 1
CPU 613 1 0
BLOCK 614 1
CPU 614 1 0
BLOCK 615 1
UNBLOCK 615 1
CPU 615 1 0
BLOCK 616 1
CPU 616 1 0
BLOCK 617 1
CPU 617 1 0
BLOCK 618 1
UNBLOCK 618 1
CPU 618 1 0
BLOCK 619 1
CPU 619 1 0
BLOCK 620 1
CPU 620 1 0
BLOCK 621 1
CPU 621 1 0
BLOCK 622 1
UNBLOCK 622 1
CPU 622 1 0
BLOCK 623 1
CPU 623 1 0
BLOCK 624 1
UNBLOCK 624 1
CPU 624 1 0
BLOCK 625 1
CPU 625 1 0
BLOCK 626 1
CPU 626 1 0
BLOCK 627 1
CPU 627 1 0
BLOCK 628 1
UNBLOCK 628 1
CPU 628 1 0
BLOCK 629 1
CPU 629 1 0
BLOCK 630 1
CPU 630 1 0
BLOCK 631 1
CPU 631 1 0
BLOCK 632 1
UNBLOCK 632 1
CPU 632 1 0
BLOCK 633 1
CPU 633 1 0
BLOCK 634 1
CPU 634 1 0
BLOCK 635 1
UNBLOCK 635 1
CPU 635 1 0
BLOCK 636 1
CPU 636 1 0
BLOCK 637 1
UNBLOCK 637 1
CPU 637 1 0
BLOCK 638 1
CPU 638 1 0
BLOCK 639 1
UNBLOCK 639 1
CPU 639 1 0
BLOCK 640 1
CPU 640 1 0
BLOCK 641 1
CPU 641 1 0
BLOCK 642 1
UNBLOCK 642 1
CPU 642 1 0
BLOCK 643 1
CPU 643 1 0
BLOCK 644 1
CPU 644 1 0
BLOCK 645 1
UNBLOCK 645 1
CPU 645 1 0
BLOCK 646 1
CPU 646 1 0
BLOCK 647 1
CPU 647 1 0
BLOCK 648 1
UNBLOCK 648 1
CPU 648 1 0
BLOCK 649 1
CPU 649 1 0
BLOCK 650 1
CPU 650 1 0
BLOCK 651 1
CPU 651 1 0
BLOCK 652 1
UNBLOCK 652 1
CPU 652 1 0
BLOCK 653 1
CPU 653 1 0
BLOCK 654 1
UNBLOCK 654 1
CPU 654 1 0
BLOCK 655 1
CPU 655 1 0
BLOCK 656 1
CPU 656 1 0
BLOCK 657 1
UNBLOCK 657 1
CPU 657 1 0
EXIT 658 1 0
# CONTEXT CPU 0 658
# CONTEXT CPU 0 659
# CONTEXT CPU 0 660
# CONTEXT CPU 0 661
# CONTEXT CPU 0 662
CPU 663 2 0
BLOCK 664 2
CPU 664 2 0
BLOCK 665 2
CPU 665 2 0
BLOCK 666 2
CPU 666 2 0
BLOCK 667 2
UNBLOCK 667 2
CPU 667 2 0
BLOCK 668 2
CPU 668 2 0
BLOCK 669 2
UNBLOCK 669 2
CPU 669 2 0
BLOCK 670 2
CPU 670 2 0
BLOCK 671 2
UNBLOCK 671 2
CPU 671 2 0
BLOCK 672 2
CPU 672 2 0
BLOCK 673 2
CPU 673 2 0
BLOCK 674 2
UNBLOCK 674 2
CPU 674 2 0
BLOCK 675 2
CPU 675 2 0
BLOCK 676 2
CPU 676 2 0
BLOCK 677 2
CPU 677 2 0
BLOCK 678 2
UNBLOCK 678 2
CPU 678 2 0
BLOCK 679 2
CPU 679 2 0
BLOCK 680 2
UNBLOCK 680 2
CPU 680 2 0
BLOCK 681 2
CPU 681 2 0
BLOCK 682 2
UNBLOCK 682 2
CPU 682 2 0
BLOCK 683 2
CPU 683 2 0
BLOCK 684 2
UNBLOCK 684 2
CPU 684 2 0
BLOCK 685 2
CPU 685 2 0
BLOCK 686 2
CPU 686 2 0
BLOCK 687 2
CPU 687 2 0
BLOCK 688 2
UNBLOCK 688 2
CPU 688 2 0
BLOCK 689 2
CPU 689 2 0
BLOCK 690 2
UNBLOCK 690 2
CPU 690 2 0
BLOCK 691 2
CPU 691 2 0
BLOCK 692 2
CPU 692 2 0
BLOCK 693 2
CPU 693 2 0
BLOCK 694 2
UNBLOCK 694 2
CPU 694 2 0
BLOCK 695 2
CPU 695 2 0
BLOCK 696 2
UNBLOCK 696 2
CPU 696 2 0
BLOCK 697 2
CPU 697 2 0
BLOCK 698 2
CPU 698 2 0
BLOCK 699 2
CPU 699 2 0
BLOCK 700 2
UNBLOCK 700 2
CPU 700 2 0
BLOCK 701 2
CPU 701 2 0
BLOCK 702 2
UNBLOCK 702 2
CPU 702 2 0
BLOCK 703 2
CPU 703 2 0
BLOCK 704 2
CPU 704 2 0
BLOCK 705 2
UNBLOCK 705 2
CPU 705 2 0
BLOCK 706 2
CPU 706 2 0
BLOCK 707 2
CPU 707 2 0
BLOCK 708 2
UNBLOCK 708 2
CPU 708 2 0
BLOCK 709 2
CPU 709 2 0
BLOCK 710 2
UNBLOCK 710 2
CPU 710 2 0
BLOCK 711 2
CPU 711 2 0
BLOCK 712 2
CPU 712 2 0
BLOCK 713 2
CPU 713 2 0
BLOCK 714 2
UNBLOCK 714 2
CPU 714 2 0
BLOCK 715 2
CPU 715 2 0
BLOCK 716 2
CPU 716 2 0
BLOCK 717 2
CPU 717 2 0
BLOCK 718 2
UNBLOCK 718 2
CPU 718 2 0
BLOCK 719 2
CPU 719 2 0
BLOCK 720 2
CPU 720 2 0
BLOCK 721 2
UNBLOCK 721 2
CPU 721 2 0
BLOCK 722 2
CPU 722 2 0
BLOCK 723 2
UNBLOCK 723 2
CPU 723 2 0
BLOCK 724 2
CPU 724 2 0
BLOCK 725 2
UNBLOCK 725 2
CPU 725 2 0
BLOCK 726 2
CPU 726 2 0
BLOCK 727 2
CPU 727 2 0
BLOCK 728 2
UNBLOCK 728 2
CPU 728 2 0
BLOCK 729 2
CPU 729 2 0
BLOCK 730 2
CPU 730 2 0
BLOCK 731 2
CPU 731 2 0
BLOCK 732 2
UNBLOCK 732 2
CPU 732 2 0
BLOCK 733 2
CPU 733 2 0
BLOCK 734 2
CPU 734 2 0
BLOCK 735 2
UNBLOCK 735 2
CPU 735 2 0
BLOCK 736 2
CPU 736 2 0
BLOCK 737 2
UNBLOCK 737 2
CPU 737 2 0
BLOCK 738 2
CPU 738 2 0
BLOCK 739 2
CPU 739 2 0
BLOCK 740 2
UNBLOCK 740 2
CPU 740 2 0
BLOCK 741 2
CPU 741 2 0
BLOCK 742 2
UNBLOCK 742 2
CPU 742 2 0
BLOCK 743 2
CPU 743 2 0
BLOCK 744 2
CPU 744 2 0
BLOCK 745 2
CPU 745 2 0
BLOCK 746 2
UNBLOCK 746 2
CPU 746 2 0
BLOCK 747 2
CPU 747 2 0
BLOCK 748 2
CPU 748 2 0
BLOCK 749 2
UNBLOCK 749 2
CPU 749 2 0
BLOCK 750 2
CPU 750 2 0
BLOCK 751 2
UNBLOCK 751 2
CPU 751 2 0
BLOCK 752 2
CPU 752 2 0
BLOCK 753 2
CPU 753 2 0
BLOCK 754 2
CPU 754 2 0
BLOCK 755 2
UNBLOCK 755 2
CPU 755 2 0
BLOCK 756 2
CPU 756 2 0
BLOCK 757 2
UNBLOCK 757 2
CPU 757 2 0
BLOCK 758 2
CPU 758 2 0
BLOCK 759 2
CPU 759 2 0
BLOCK 760 2
UNBLOCK 760 2
CPU 760 2 0
BLOCK 761 2
CPU 761 2 0
BLOCK 762 2
CPU 762 2 0
BLOCK 763 2
UNBLOCK 763 2
CPU 763 2 0
BLOCK 764 2
CPU 764 2 0
BLOCK 765 2
CPU 765 2 0
BLOCK 766 2
CPU 766 2 0
BLOCK 767 2
UNBLOCK 767 2
CPU 767 2 0
BLOCK 768 2
CPU 768 2 0
BLOCK 769 2
CPU 769 2 0
BLOCK 770 2
UNBLOCK 770 2
CPU 770 2 0
BLOCK 771 2
CPU 771 2 0
BLOCK 772 2
CPU 772 2 0
BLOCK 773 2
CPU 773 2 0
BLOCK 774 2
UNBLOCK 774 2
CPU 774 2 0
BLOCK 775 2
CPU 775 2 0
BLOCK 776 2
UNBLOCK 776 2
CPU 776 2 0
BLOCK 777 2
CPU 777 2 0
BLOCK 778 2
CPU 778 2 0
BLOCK 779 2
CPU 779 2 0
BLOCK 780 2
UNBLOCK 780 2
CPU 780 2 0
BLOCK 781 2
CPU 781 2 0
BLOCK 782 2
CPU 782 2 0
BLOCK 783 2
CPU 783 2 0
BLOCK 784 2
UNBLOCK 784 2
CPU 784 2 0
BLOCK 785 2
CPU 785 2 0
BLOCK 786 2
CPU 786 2 0
BLOCK 787 2
UNBLOCK 787 2
CPU 787 2 0
BLOCK 788 2
CPU 788 2 0
BLOCK 789 2
UNBLOCK 789 2
CPU 789 2 0
BLOCK 790 2
CPU 790 2 0
BLOCK 791 2
UNBLOCK 791 2
CPU 791 2 0
BLOCK 792 2
CPU 792 2 0
BLOCK 793 2
CPU 793 2 0
BLOCK 794 2
UNBLOCK 794 2
CPU 794 2 0
BLOCK 795 2
CPU 795 2 0
BLOCK 796 2
CPU 796 2 0
BLOCK 797 2
UNBLOCK 797 2
CPU 797 2 0
BLOCK 798 2
CPU 798 2 0
BLOCK 799 2
CPU 799 2 0
BLOCK 800 2
UNBLOCK 800 2
CPU 800 2 0
BLOCK 801 2
CPU 801 2 0
BLOCK 802 2
CPU 802 2 0
BLOCK 803 2
CPU 803 2 0
BLOCK 804 2
UNBLOCK 804 2
CPU 804 2 0
BLOCK 805 2
CPU 805 2 0
BLOCK 806 2
UNBLOCK 806 2
CPU 806 2 0
BLOCK 807 2
CPU 807 2 0
BLOCK 808 2
CPU 808 2 0
BLOCK 809 2
UNBLOCK 809 2
CPU 809 2 0
BLOCK 810 2
CPU 810 2 0
BLOCK 811 2
UNBLOCK 811 2
CPU 811 2 0
BLOCK 812 2
CPU 812 2 0
BLOCK 813 2
UNBLOCK 813 2
CPU 813 2 0
BLOCK 814 2
CPU 814 2 0
BLOCK 815 2
CPU 815 2 0
BLOCK 816 2
CPU 816 2 0
BLOCK 817 2
UNBLOCK 817 2
CPU 817 2 0
BLOCK 818 2
CPU 818 2 0
BLOCK 819 2
CPU 819 2 0
BLOCK 820 2
CPU 820 2 0
BLOCK 821 2
UNBLOCK 821 2
CPU 821 2 0
BLOCK 822 2
CPU 822 2 0
BLOCK 823 2
UNBLOCK 823 2
CPU 823 2 0
BLOCK 824 2
CPU 824 2 0
BLOCK 825 2
CPU 825 2 0
BLOCK 826 2
UNBLOCK 826 2
CPU 826 2 0
BLOCK 827 2
CPU 827 2 0
BLOCK 828 2
CPU 828 2 0
BLOCK 829 2
CPU 829 2 0
BLOCK 830 2
UNBLOCK 830 2
CPU 830 2 0
BLOCK 831 2
CPU 831 2 0
BLOCK 832 2
CPU 832 2 0
BLOCK 833 2
UNBLOCK 833 2
CPU 833 2 0
BLOCK 834 2
CPU 834 2 0
BLOCK 835 2
CPU 835 2 0
BLOCK 836 2
CPU 836 2 0
BLOCK 837 2
UNBLOCK 837 2
CPU 837 2 0
BLOCK 838 2
CPU 838 2 0
BLOCK 839 2
UNBLOCK 839 2
CPU 839 2 0
BLOCK 840 2
CPU 840 2 0
BLOCK 841 2
UNBLOCK 841 2
CPU 841 2 0
BLOCK 842 2
CPU 842 2 0
BLOCK 843 2
CPU 843 2 0
BLOCK 844 2
CPU 844 2 0
BLOCK 845 2
UNBLOCK 845 2
CPU 845 2 0
BLOCK 846 2
CPU 846 2 0
BLOCK 847 2
UNBLOCK 847 2
CPU 847 2 0
BLOCK 848 2
CPU 848 2 0
BLOCK 849 2
UNBLOCK 849 2
CPU 849 2 0
BLOCK 850 2
CPU 850 2 0
BLOCK 851 2
UNBLOCK 851 2
CPU 851 2 0
BLOCK 852 2
CPU 852 2 0
BLOCK 853 2
CPU 853 2 0
BLOCK 854 2
UNBLOCK 854 2
CPU 854 2 0
BLOCK 855 2
CPU 855 2 0
BLOCK 856 2
CPU 856 2 0
BLOCK 857 2
CPU 857 2 0
BLOCK 858 2
UNBLOCK 858 2
CPU 858 2 0
BLOCK 859 2
CPU 859 2 0
BLOCK 860 2
UNBLOCK 860 2
CPU 860 2 0
BLOCK 861 2
CPU 861 2 0
BLOCK 862 2
CPU 862 2 0
BLOCK 863 2
CPU 863 2 0
BLOCK 864 2
UNBLOCK 864 2
CPU 864 2 0
BLOCK 865 2
CPU 865 2 0
BLOCK 866 2
CPU 866 2 0
BLOCK 867 2
UNBLOCK 867 2
CPU 867 2 0
BLOCK 868 2
CPU 868 2 0
BLOCK 869 2
CPU 869 2 0
BLOCK 870 2
CPU 870 2 0
BLOCK 871 2
UNBLOCK 871 2
CPU 871 2 0
BLOCK 872 2
CPU 872 2 0
BLOCK 873 2
CPU 873 2 0
BLOCK 874 2
UNBLOCK 874 2
CPU 874 2 0
BLOCK 875 2
CPU 875 2 0
BLOCK 876 2
CPU 876 2 0
BLOCK 877 2
CPU 877 2 0
BLOCK 878 2
UNBLOCK 878 2
CPU 878 2 0
BLOCK 879 2
CPU 879 2 0
BLOCK 880 2
CPU 880 2 0
BLOCK 881 2
CPU 881 2 0
BLOCK 882 2
UNBLOCK 882 2
CPU 882 2 0
BLOCK 883 2
CPU 883 2 0
BLOCK 884 2
CPU 884 2 0
BLOCK 885 2
UNBLOCK 885 2
CPU 885 2 0
BLOCK 886 2
CPU 886 2 0
BLOCK 887 2
CPU 887 2 0
BLOCK 888 2
UNBLOCK 888 2
CPU 888 2 0
BLOCK 889 2
CPU 889 2 0
BLOCK 890 2
CPU 890 2 0
BLOCK 891 2
CPU 891 2 0
BLOCK 892 2
UNBLOCK 892 2
CPU 892 2 0
BLOCK 893 2
CPU 893 2 0
BLOCK 894 2
CPU 894 2 0
BLOCK 895 2
UNBLOCK 895 2
CPU 895 2 0
BLOCK 896 2
CPU 896 2 0
BLOCK 897 2
UNBLOCK 897 2
CPU 897 2 0
BLOCK 898 2
CPU 898 2 0
BLOCK 899 2
CPU 899 2 0
BLOCK 900 2
CPU 900 2 0
BLOCK 901 2
UNBLOCK 901 2
CPU 901 2 0
BLOCK 902 2
CPU 902 2 0
BLOCK 903 2
UNBLOCK 903 2
CPU 903 2 0
BLOCK 904 2
CPU 904 2 0
BLOCK 905 2
CPU 905 2 0
BLOCK 906 2
UNBLOCK 906 2
CPU 906 2 0
BLOCK 907 2
CPU 907 2 0
BLOCK 908 2
UNBLOCK 908 2
CPU 908 2 0
BLOCK 909 2
CPU 909 2 0
BLOCK 910 2
CPU 910 2 0
BLOCK 911 2
CPU 911 2 0
BLOCK 912 2
UNBLOCK 912 2
CPU 912 2 0
BLOCK 913 2
CPU 913 2 0
BLOCK 914 2
UNBLOCK 914 2
CPU 914 2 0
BLOCK 915 2
CPU 915 2 0
BLOCK 916 2
CPU 916 2 0
BLOCK 917 2
UNBLOCK 917 2
CPU 917 2 0
BLOCK 918 2
CPU 918 2 0
BLOCK 919 2
UNBLOCK 919 2
CPU 919 2 0
BLOCK 920 2
CPU 920 2 0
BLOCK 921 2
CPU 921 2 0
BLOCK 922 2
UNBLOCK 922 2
CPU 922 2 0
BLOCK 923 2
CPU 923 2 0
BLOCK 924 2
UNBLOCK 924 2
CPU 924 2 0
BLOCK 925 2
CPU 925 2 0
BLOCK 926 2
CPU 926 2 0
BLOCK 927 2
UNBLOCK 927 2
CPU 927 2 0
BLOCK 928 2
CPU 928 2 0
BLOCK 929 2
CPU 929 2 0
BLOCK 930 2
UNBLOCK 930 2
CPU 930 2 0
BLOCK 931 2
CPU 931 2 0
BLOCK 932 2
UNBLOCK 932 2
CPU 932 2 0
BLOCK 933 2
CPU 933 2 0
BLOCK 934 2
UNBLOCK 934 2
CPU 934 2 0
BLOCK 935 2
CPU 935 2 0
BLOCK 936 2
CPU 936 2 0
BLOCK 937 2
CPU 937 2 0
BLOCK 938 2
UNBLOCK 938 2
CPU 938 2 0
BLOCK 939 2
CPU 939 2 0
BLOCK 940 2
CPU 940 2 0
BLOCK 941 2
UNBLOCK 941 2
CPU 941 2 0
BLOCK 942 2
CPU 942 2 0
BLOCK 943 2
CPU 943 2 0
BLOCK 944 2
CPU 944 2 0
BLOCK 945 2
UNBLOCK 945 2
CPU 945 2 0
BLOCK 946 2
CPU 946 2 0
BLOCK 947 2
CPU 947 2 0
BLOCK 948 2
CPU 948 2 0
BLOCK 949 2
UNBLOCK 949 2
CPU 949 2 0
BLOCK 950 2
CPU 950 2 0
BLOCK 951 2
CPU 951 2 0
BLOCK 952 2
UNBLOCK 952 2
CPU 952 2 0
BLOCK 953 2
CPU 953 2 0
BLOCK 954 2
CPU 954 2 0
BLOCK 955 2
CPU 955 2 0
BLOCK 956 2
UNBLOCK 956 2
CPU 956 2 0
BLOCK 957 2
CPU 957 2 0
BLOCK 958 2
CPU 958 2 0
BLOCK 959 2
UNBLOCK 959 2
CPU 959 2 0
EXIT 960 2 0
# CONTEXT CPU 0 960
# CONTEXT CPU 0 961
# CONTEXT CPU 0 962
# CONTEXT CPU 0 963
# CONTEXT CPU 0 964
CPU 965 3 0
BLOCK 966 3
CPU 966 3 0
BLOCK 967 3
CPU 967 3 0
BLOCK 968 3
CPU 968 3 0
BLOCK 969 3
UNBLOCK 969 3
CPU 969 3 0
BLOCK 970 3
CPU 970 3 0
BLOCK 971 3
UNBLOCK 971 3
CPU 971 3 0
BLOCK 972 3
CPU 972 3 0
BLOCK 973 3
UNBLOCK 973 3
CPU 973 3 0
BLOCK 974 3
CPU 974 3 0
BLOCK 975 3
CPU 975 3 0
BLOCK 976 3
UNBLOCK 976 3
CPU 976 3 0
BLOCK 977 3
CPU 977 3 0
BLOCK 978 3
CPU 978 3 0
BLOCK 979 3
CPU 979 3 0
BLOCK 980 3
UNBLOCK 980 3
CPU 980 3 0
BLOCK 981 3
CPU 981 3 0
BLOCK 982 3
UNBLOCK 982 3
CPU 982 3 0
BLOCK 983 3
CPU 983 3 0
BLOCK 984 3
UNBLOCK 984 3
CPU 984 3 0
BLOCK 985 3
CPU 985 3 0
BLOCK 986 3
UNBLOCK 986 3
CPU 986 3 0
BLOCK 987 3
CPU 987 3 0
BLOCK 988 3
CPU 988 3 0
BLOCK 989 3
CPU 989 3 0
BLOCK 990 3
UNBLOCK 990 3
CPU 990 3 0
BLOCK 991 3
CPU 991 3 0
BLOCK 992 3
UNBLOCK 992 3
CPU 992 3 0
BLOCK 993 3
CPU 993 3 0
BLOCK 994 3
CPU 994 3 0
BLOCK 995 3
CPU 995 3 0
BLOCK 996 3
UNBLOCK 996 3
CPU 996 3 0
BLOCK 997 3
CPU 997 3 0
BLOCK 998 3
UNBLOCK 998 3
CPU 998 3 0
BLOCK 999 3
CPU 999 3 0
BLOCK 1000 3
CPU 1000 3 0
BLOCK 1001 3
CPU 1001 3 0
BLOCK 1002 3
UNBLOCK 1002 3
CPU 1002 3 0
BLOCK 1003 3
CPU 1003 3 0
BLOCK 1004 3
UNBLOCK 1004 3
CPU 1004 3 0
BLOCK 1005 3
CPU 1005 3 0
BLOCK 1006 3
CPU 1006 3 0
BLOCK 1007 3
UNBLOCK 1007 3
CPU 1007 3 0
BLOCK 1008 3
CPU 1008 3 0
BLOCK 1009 3
CPU 1009 3 0
BLOCK 1010 3
UNBLOCK 1010 3
CPU 1010 3 0
BLOCK 1011 3
CPU 1011 3 0
BLOCK 1012 3
UNBLOCK 1012 3
CPU 1012 3 0
BLOCK 1013 3
CPU 1013 3 0
BLOCK 1014 3
CPU 1014 3 0
BLOCK 1015 3
CPU 1015 3 0
BLOCK 1016 3
UNBLOCK 1016 3
CPU 1016 3 0
BLOCK 1017 3
CPU 1017 3 0
BLOCK 1018 3
CPU 1018 3 0
BLOCK 1019 3
CPU 1019 3 0
BLOCK 1020 3
UNBLOCK 1020 3
CPU 1020 3 0
BLOCK 1021 3
CPU 1021 3 0
BLOCK 1022 3
CPU 1022 3 0
BLOCK 1023 3
UNBLOCK 1023 3
CPU 1023 3 0
EXIT 1024 3 0
CPU 1024 -1 0
