# SETTINGS simusched ej2/tasks_ej2.tsk 4 5 1 SchedFCFS
LOAD 0 0
# CONTEXT CPU 0 0
CPU 0 -1 1
CPU 0 -1 2
CPU 0 -1 3
# CONTEXT CPU 0 1
CPU 1 -1 1
CPU 1 -1 2
CPU 1 -1 3
# CONTEXT CPU 0 2
CPU 2 -1 1
CPU 2 -1 2
CPU 2 -1 3
# CONTEXT CPU 0 3
CPU 3 -1 1
CPU 3 -1 2
CPU 3 -1 3
# CONTEXT CPU 0 4
CPU 4 -1 1
CPU 4 -1 2
CPU 4 -1 3
CPU 5 0 0
CPU 5 -1 1
CPU 5 -1 2
CPU 5 -1 3
CPU 6 0 0
CPU 6 -1 1
CPU 6 -1 2
CPU 6 -1 3
CPU 7 0 0
CPU 7 -1 1
CPU 7 -1 2
CPU 7 -1 3
CPU 8 0 0
CPU 8 -1 1
CPU 8 -1 2
CPU 8 -1 3
CPU 9 0 0
CPU 9 -1 1
CPU 9 -1 2
CPU 9 -1 3
LOAD 10 1
CPU 10 0 0
# CONTEXT CPU 1 10
CPU 10 -1 2
CPU 10 -1 3
CPU 11 0 0
# CONTEXT CPU 1 11
CPU 11 -1 2
CPU 11 -1 3
CPU 12 0 0
# CONTEXT CPU 1 12
CPU 12 -1 2
CPU 12 -1 3
CPU 13 0 0
# CONTEXT CPU 1 13
CPU 13 -1 2
CPU 13 -1 3
CPU 14 0 0
# CONTEXT CPU 1 14
CPU 14 -1 2
CPU 14 -1 3
CPU 15 0 0
CPU 15 1 1
CPU 15 -1 2
CPU 15 -1 3
BLOCK 16 1
CPU 16 0 0
CPU 16 1 1
CPU 16 -1 2
CPU 16 -1 3
BLOCK 17 1
CPU 17 0 0
CPU 17 1 1
CPU 17 -1 2
CPU 17 -1 3
BLOCK 18 1
UNBLOCK 18 1
CPU 18 0 0
CPU 18 1 1
CPU 18 -1 2
CPU 18 -1 3
BLOCK 19 1
CPU 19 0 0
CPU 19 1 1
CPU 19 -1 2
CPU 19 -1 3
LOAD 20 2
BLOCK 20 1
CPU 20 0 0
CPU 20 1 1
# CONTEXT CPU 2 20
CPU 20 -1 3
BLOCK 21 1
UNBLOCK 21 1
CPU 21 0 0
CPU 21 1 1
# CONTEXT CPU 2 21
CPU 21 -1 3
BLOCK 22 1
CPU 22 0 0
CPU 22 1 1
# CONTEXT CPU 2 22
CPU 22 -1 3
BLOCK 23 1
UNBLOCK 23 1
CPU 23 0 0
CPU 23 1 1
# CONTEXT CPU 2 23
CPU 23 -1 3
BLOCK 24 1
CPU 24 0 0
CPU 24 1 1
# CONTEXT CPU 2 24
CPU 24 -1 3
BLOCK 25 1
CPU 25 0 0
CPU 25 1 1
CPU 25 2 2
CPU 25 -1 3
BLOCK 26 1
BLOCK 26 2
CPU 26 0 0
CPU 26 1 1
CPU 26 2 2
CPU 26 -1 3
BLOCK 27 1
BLOCK 27 2
UNBLOCK 27 1
CPU 27 0 0
CPU 27 1 1
CPU 27 2 2
CPU 27 -1 3
BLOCK 28 1
BLOCK 28 2
UNBLOCK 28 2
CPU 28 0 0
CPU 28 1 1
CPU 28 2 2
CPU 28 -1 3
BLOCK 29 1
BLOCK 29 2
CPU 29 0 0
CPU 29 1 1
CPU 29 2 2
CPU 29 -1 3
LOAD 30 3
BLOCK 30 1
BLOCK 30 2
UNBLOCK 30 1
UNBLOCK 30 2
CPU 30 0 0
CPU 30 1 1
CPU 30 2 2
# CONTEXT CPU 3 30
BLOCK 31 1
BLOCK 31 2
CPU 31 0 0
CPU 31 1 1
CPU 31 2 2
# CONTEXT CPU 3 31
BLOCK 32 1
BLOCK 32 2
CPU 32 0 0
CPU 32 1 1
CPU 32 2 2
# CONTEXT CPU 3 32
BLOCK 33 1
BLOCK 33 2
UNBLOCK 33 2
CPU 33 0 0
CPU 33 1 1
CPU 33 2 2
# CONTEXT CPU 3 33
BLOCK 34 1
BLOCK 34 2
UNBLOCK 34 1
CPU 34 0 0
CPU 34 1 1
CPU 34 2 2
# CONTEXT CPU 3 34
BLOCK 35 1
BLOCK 35 2
CPU 35 0 0
CPU 35 1 1
CPU 35 2 2
CPU 35 3 3
BLOCK 36 1
BLOCK 36 2
BLOCK 36 3
CPU 36 0 0
CPU 36 1 1
CPU 36 2 2
CPU 36 3 3
BLOCK 37 1
BLOCK 37 2
BLOCK 37 3
UNBLOCK 37 2
CPU 37 0 0
CPU 37 1 1
CPU 37 2 2
CPU 37 3 3
BLOCK 38 1
BLOCK 38 2
BLOCK 38 3
UNBLOCK 38 1
UNBLOCK 38 3
CPU 38 0 0
CPU 38 1 1
CPU 38 2 2
CPU 38 3 3
BLOCK 39 1
BLOCK 39 2
BLOCK 39 3
CPU 39 0 0
CPU 39 1 1
CPU 39 2 2
CPU 39 3 3
BLOCK 40 1
BLOCK 40 2
BLOCK 40 3
UNBLOCK 40 1
UNBLOCK 40 2
CPU 40 0 0
CPU 40 1 1
CPU 40 2 2
CPU 40 3 3
BLOCK 41 1
BLOCK 41 2
BLOCK 41 3
CPU 41 0 0
CPU 41 1 1
CPU 41 2 2
CPU 41 3 3
BLOCK 42 1
BLOCK 42 2
BLOCK 42 3
UNBLOCK 42 3
CPU 42 0 0
CPU 42 1 1
CPU 42 2 2
CPU 42 3 3
BLOCK 43 1
BLOCK 43 2
BLOCK 43 3
UNBLOCK 43 1
CPU 43 0 0
CPU 43 1 1
CPU 43 2 2
CPU 43 3 3
BLOCK 44 1
BLOCK 44 2
BLOCK 44 3
UNBLOCK 44 2
CPU 44 0 0
CPU 44 1 1
CPU 44 2 2
CPU 44 3 3
BLOCK 45 1
BLOCK 45 2
BLOCK 45 3
CPU 45 0 0
CPU 45 1 1
CPU 45 2 2
CPU 45 3 3
BLOCK 46 1
BLOCK 46 2
BLOCK 46 3
UNBLOCK 46 3
CPU 46 0 0
CPU 46 1 1
CPU 46 2 2
CPU 46 3 3
BLOCK 47 1
BLOCK 47 2
BLOCK 47 3
UNBLOCK 47 1
CPU 47 0 0
CPU 47 1 1
CPU 47 2 2
CPU 47 3 3
BLOCK 48 1
BLOCK 48 2
BLOCK 48 3
UNBLOCK 48 2
UNBLOCK 48 3
CPU 48 0 0
CPU 48 1 1
CPU 48 2 2
CPU 48 3 3
BLOCK 49 1
BLOCK 49 2
BLOCK 49 3
CPU 49 0 0
CPU 49 1 1
CPU 49 2 2
CPU 49 3 3
BLOCK 50 1
BLOCK 50 2
BLOCK 50 3
UNBLOCK 50 1
CPU 50 0 0
CPU 50 1 1
CPU 50 2 2
CPU 50 3 3
BLOCK 51 1
BLOCK 51 2
BLOCK 51 3
UNBLOCK 51 2
UNBLOCK 51 3
CPU 51 0 0
CPU 51 1 1
CPU 51 2 2
CPU 51 3 3
BLOCK 52 1
BLOCK 52 2
BLOCK 52 3
CPU 52 0 0
CPU 52 1 1
CPU 52 2 2
CPU 52 3 3
BLOCK 53 1
BLOCK 53 2
BLOCK 53 3
UNBLOCK 53 1
UNBLOCK 53 2
CPU 53 0 0
CPU 53 1 1
CPU 53 2 2
CPU 53 3 3
BLOCK 54 1
BLOCK 54 2
BLOCK 54 3
UNBLOCK 54 3
CPU 54 0 0
CPU 54 1 1
CPU 54 2 2
CPU 54 3 3
BLOCK 55 1
BLOCK 55 2
BLOCK 55 3
UNBLOCK 55 1
CPU 55 0 0
CPU 55 1 1
CPU 55 2 2
CPU 55 3 3
BLOCK 56 1
BLOCK 56 2
BLOCK 56 3
CPU 56 0 0
CPU 56 1 1
CPU 56 2 2
CPU 56 3 3
BLOCK 57 1
BLOCK 57 2
BLOCK 57 3
UNBLOCK 57 2
CPU 57 0 0
CPU 57 1 1
CPU 57 2 2
CPU 57 3 3
BLOCK 58 1
BLOCK 58 2
BLOCK 58 3
UNBLOCK 58 1
UNBLOCK 58 3
CPU 58 0 0
CPU 58 1 1
CPU 58 2 2
CPU 58 3 3
BLOCK 59 1
BLOCK 59 2
BLOCK 59 3
CPU 59 0 0
CPU 59 1 1
CPU 59 2 2
CPU 59 3 3
BLOCK 60 1
BLOCK 60 2
BLOCK 60 3
UNBLOCK 60 3
CPU 60 0 0
CPU 60 1 1
CPU 60 2 2
CPU 60 3 3
BLOCK 61 1
BLOCK 61 2
BLOCK 61 3
UNBLOCK 61 2
CPU 61 0 0
CPU 61 1 1
CPU 61 2 2
CPU 61 3 3
BLOCK 62 1
BLOCK 62 2
BLOCK 62 3
UNBLOCK 62 1
CPU 62 0 0
CPU 62 1 1
CPU 62 2 2
CPU 62 3 3
BLOCK 63 1
BLOCK 63 2
BLOCK 63 3
UNBLOCK 63 3
CPU 63 0 0
CPU 63 1 1
CPU 63 2 2
CPU 63 3 3
BLOCK 64 1
BLOCK 64 2
BLOCK 64 3
UNBLOCK 64 1
UNBLOCK 64 2
CPU 64 0 0
CPU 64 1 1
CPU 64 2 2
CPU 64 3 3
BLOCK 65 1
BLOCK 65 2
BLOCK 65 3
UNBLOCK 65 3
CPU 65 0 0
CPU 65 1 1
CPU 65 2 2
CPU 65 3 3
BLOCK 66 1
BLOCK 66 2
BLOCK 66 3
UNBLOCK 66 2
CPU 66 0 0
CPU 66 1 1
CPU 66 2 2
CPU 66 3 3
BLOCK 67 1
BLOCK 67 2
BLOCK 67 3
UNBLOCK 67 3
CPU 67 0 0
CPU 67 1 1
CPU 67 2 2
CPU 67 3 3
BLOCK 68 1
BLOCK 68 2
BLOCK 68 3
UNBLOCK 68 1
CPU 68 0 0
CPU 68 1 1
CPU 68 2 2
CPU 68 3 3
BLOCK 69 1
BLOCK 69 2
BLOCK 69 3
UNBLOCK 69 2
CPU 69 0 0
CPU 69 1 1
CPU 69 2 2
CPU 69 3 3
BLOCK 70 1
BLOCK 70 2
BLOCK 70 3
CPU 70 0 0
CPU 70 1 1
CPU 70 2 2
CPU 70 3 3
BLOCK 71 1
BLOCK 71 2
BLOCK 71 3
UNBLOCK 71 3
CPU 71 0 0
CPU 71 1 1
CPU 71 2 2
CPU 71 3 3
BLOCK 72 1
BLOCK 72 2
BLOCK 72 3
UNBLOCK 72 1
CPU 72 0 0
CPU 72 1 1
CPU 72 2 2
CPU 72 3 3
BLOCK 73 1
BLOCK 73 2
BLOCK 73 3
UNBLOCK 73 2
CPU 73 0 0
CPU 73 1 1
CPU 73 2 2
CPU 73 3 3
BLOCK 74 1
BLOCK 74 2
BLOCK 74 3
UNBLOCK 74 3
CPU 74 0 0
CPU 74 1 1
CPU 74 2 2
CPU 74 3 3
BLOCK 75 1
BLOCK 75 2
BLOCK 75 3
UNBLOCK 75 1
CPU 75 0 0
CPU 75 1 1
CPU 75 2 2
CPU 75 3 3
BLOCK 76 1
BLOCK 76 2
BLOCK 76 3
CPU 76 0 0
CPU 76 1 1
CPU 76 2 2
CPU 76 3 3
BLOCK 77 1
BLOCK 77 2
BLOCK 77 3
UNBLOCK 77 2
UNBLOCK 77 3
CPU 77 0 0
CPU 77 1 1
CPU 77 2 2
CPU 77 3 3
BLOCK 78 1
BLOCK 78 2
BLOCK 78 3
UNBLOCK 78 1
CPU 78 0 0
CPU 78 1 1
CPU 78 2 2
CPU 78 3 3
BLOCK 79 1
BLOCK 79 2
BLOCK 79 3
CPU 79 0 0
CPU 79 1 1
CPU 79 2 2
CPU 79 3 3
BLOCK 80 1
BLOCK 80 2
BLOCK 80 3
UNBLOCK 80 1
UNBLOCK 80 3
CPU 80 0 0
CPU 80 1 1
CPU 80 2 2
CPU 80 3 3
BLOCK 81 1
BLOCK 81 2
BLOCK 81 3
UNBLOCK 81 2
CPU 81 0 0
CPU 81 1 1
CPU 81 2 2
CPU 81 3 3
BLOCK 82 1
BLOCK 82 2
BLOCK 82 3
UNBLOCK 82 1
CPU 82 0 0
CPU 82 1 1
CPU 82 2 2
CPU 82 3 3
BLOCK 83 1
BLOCK 83 2
BLOCK 83 3
UNBLOCK 83 3
CPU 83 0 0
CPU 83 1 1
CPU 83 2 2
CPU 83 3 3
BLOCK 84 1
BLOCK 84 2
BLOCK 84 3
CPU 84 0 0
CPU 84 1 1
CPU 84 2 2
CPU 84 3 3
BLOCK 85 1
BLOCK 85 2
BLOCK 85 3
UNBLOCK 85 1
UNBLOCK 85 2
CPU 85 0 0
CPU 85 1 1
CPU 85 2 2
CPU 85 3 3
BLOCK 86 1
BLOCK 86 2
BLOCK 86 3
CPU 86 0 0
CPU 86 1 1
CPU 86 2 2
CPU 86 3 3
BLOCK 87 1
BLOCK 87 2
BLOCK 87 3
UNBLOCK 87 1
UNBLOCK 87 2
UNBLOCK 87 3
CPU 87 0 0
CPU 87 1 1
CPU 87 2 2
CPU 87 3 3
BLOCK 88 1
BLOCK 88 2
BLOCK 88 3
CPU 88 0 0
CPU 88 1 1
CPU 88 2 2
CPU 88 3 3
BLOCK 89 1
BLOCK 89 2
BLOCK 89 3
UNBLOCK 89 3
CPU 89 0 0
CPU 89 1 1
CPU 89 2 2
CPU 89 3 3
BLOCK 90 1
BLOCK 90 2
BLOCK 90 3
UNBLOCK 90 2
CPU 90 0 0
CPU 90 1 1
CPU 90 2 2
CPU 90 3 3
BLOCK 91 1
BLOCK 91 2
BLOCK 91 3
UNBLOCK 91 1
CPU 91 0 0
CPU 91 1 1
CPU 91 2 2
CPU 91 3 3
BLOCK 92 1
BLOCK 92 2
BLOCK 92 3
UNBLOCK 92 3
CPU 92 0 0
CPU 92 1 1
CPU 92 2 2
CPU 92 3 3
BLOCK 93 1
BLOCK 93 2
BLOCK 93 3
CPU 93 0 0
CPU 93 1 1
CPU 93 2 2
CPU 93 3 3
BLOCK 94 1
BLOCK 94 2
BLOCK 94 3
UNBLOCK 94 2
UNBLOCK 94 3
CPU 94 0 0
CPU 94 1 1
CPU 94 2 2
CPU 94 3 3
BLOCK 95 1
BLOCK 95 2
EXIT 95 3 3
UNBLOCK 95 1
CPU 95 0 0
CPU 95 1 1
CPU 95 2 2
CPU 95 -1 3
BLOCK 96 1
BLOCK 96 2
CPU 96 0 0
CPU 96 1 1
CPU 96 2 2
CPU 96 -1 3
BLOCK 97 1
BLOCK 97 2
UNBLOCK 97 2
CPU 97 0 0
CPU 97 1 1
CPU 97 2 2
CPU 97 -1 3
BLOCK 98 1
BLOCK 98 2
CPU 98 0 0
CPU 98 1 1
CPU 98 2 2
CPU 98 -1 3
BLOCK 99 1
BLOCK 99 2
UNBLOCK 99 1
UNBLOCK 99 2
CPU 99 0 0
CPU 99 1 1
CPU 99 2 2
CPU 99 -1 3
BLOCK 100 1
BLOCK 100 2
CPU 100 0 0
CPU 100 1 1
CPU 100 2 2
CPU 100 -1 3
BLOCK 101 1
BLOCK 101 2
UNBLOCK 101 2
CPU 101 0 0
CPU 101 1 1
CPU 101 2 2
CPU 101 -1 3
BLOCK 102 1
BLOCK 102 2
UNBLOCK 102 1
CPU 102 0 0
CPU 102 1 1
CPU 102 2 2
CPU 102 -1 3
BLOCK 103 1
BLOCK 103 2
CPU 103 0 0
CPU 103 1 1
CPU 103 2 2
CPU 103 -1 3
BLOCK 104 1
BLOCK 104 2
CPU 104 0 0
CPU 104 1 1
CPU 104 2 2
CPU 104 -1 3
BLOCK 105 1
BLOCK 105 2
UNBLOCK 105 1
UNBLOCK 105 2
CPU 105 0 0
CPU 105 1 1
CPU 105 2 2
CPU 105 -1 3
BLOCK 106 1
BLOCK 106 2
CPU 106 0 0
CPU 106 1 1
CPU 106 2 2
CPU 106 -1 3
BLOCK 107 1
BLOCK 107 2
CPU 107 0 0
CPU 107 1 1
CPU 107 2 2
CPU 107 -1 3
BLOCK 108 1
BLOCK 108 2
UNBLOCK 108 2
CPU 108 0 0
CPU 108 1 1
CPU 108 2 2
CPU 108 -1 3
BLOCK 109 1
BLOCK 109 2
UNBLOCK 109 1
CPU 109 0 0
CPU 109 1 1
CPU 109 2 2
CPU 109 -1 3
BLOCK 110 1
BLOCK 110 2
UNBLOCK 110 2
CPU 110 0 0
CPU 110 1 1
CPU 110 2 2
CPU 110 -1 3
BLOCK 111 1
BLOCK 111 2
CPU 111 0 0
CPU 111 1 1
CPU 111 2 2
CPU 111 -1 3
BLOCK 112 1
BLOCK 112 2
UNBLOCK 112 1
CPU 112 0 0
CPU 112 1 1
CPU 112 2 2
CPU 112 -1 3
BLOCK 113 1
BLOCK 113 2
UNBLOCK 113 2
CPU 113 0 0
CPU 113 1 1
CPU 113 2 2
CPU 113 -1 3
BLOCK 114 1
BLOCK 114 2
CPU 114 0 0
CPU 114 1 1
CPU 114 2 2
CPU 114 -1 3
BLOCK 115 1
BLOCK 115 2
UNBLOCK 115 1
UNBLOCK 115 2
CPU 115 0 0
CPU 115 1 1
CPU 115 2 2
CPU 115 -1 3
BLOCK 116 1
BLOCK 116 2
CPU 116 0 0
CPU 116 1 1
CPU 116 2 2
CPU 116 -1 3
BLOCK 117 1
BLOCK 117 2
CPU 117 0 0
CPU 117 1 1
CPU 117 2 2
CPU 117 -1 3
BLOCK 118 1
BLOCK 118 2
UNBLOCK 118 1
UNBLOCK 118 2
CPU 118 0 0
CPU 118 1 1
CPU 118 2 2
CPU 118 -1 3
BLOCK 119 1
BLOCK 119 2
CPU 119 0 0
CPU 119 1 1
CPU 119 2 2
CPU 119 -1 3
BLOCK 120 1
BLOCK 120 2
CPU 120 0 0
CPU 120 1 1
CPU 120 2 2
CPU 120 -1 3
BLOCK 121 1
BLOCK 121 2
UNBLOCK 121 1
CPU 121 0 0
CPU 121 1 1
CPU 121 2 2
CPU 121 -1 3
BLOCK 122 1
BLOCK 122 2
UNBLOCK 122 2
CPU 122 0 0
CPU 122 1 1
CPU 122 2 2
CPU 122 -1 3
BLOCK 123 1
BLOCK 123 2
CPU 123 0 0
CPU 123 1 1
CPU 123 2 2
CPU 123 -1 3
BLOCK 124 1
BLOCK 124 2
CPU 124 0 0
CPU 124 1 1
CPU 124 2 2
CPU 124 -1 3
BLOCK 125 1
BLOCK 125 2
UNBLOCK 125 1
UNBLOCK 125 2
CPU 125 0 0
CPU 125 1 1
CPU 125 2 2
CPU 125 -1 3
BLOCK 126 1
BLOCK 126 2
CPU 126 0 0
CPU 126 1 1
CPU 126 2 2
CPU 126 -1 3
BLOCK 127 1
BLOCK 127 2
UNBLOCK 127 1
CPU 127 0 0
CPU 127 1 1
CPU 127 2 2
CPU 127 -1 3
BLOCK 128 1
BLOCK 128 2
UNBLOCK 128 2
CPU 128 0 0
CPU 128 1 1
CPU 128 2 2
CPU 128 -1 3
BLOCK 129 1
BLOCK 129 2
CPU 129 0 0
CPU 129 1 1
CPU 129 2 2
CPU 129 -1 3
BLOCK 130 1
BLOCK 130 2
UNBLOCK 130 1
CPU 130 0 0
CPU 130 1 1
CPU 130 2 2
CPU 130 -1 3
BLOCK 131 1
BLOCK 131 2
CPU 131 0 0
CPU 131 1 1
CPU 131 2 2
CPU 131 -1 3
BLOCK 132 1
BLOCK 132 2
UNBLOCK 132 2
CPU 132 0 0
CPU 132 1 1
CPU 132 2 2
CPU 132 -1 3
BLOCK 133 1
BLOCK 133 2
UNBLOCK 133 1
CPU 133 0 0
CPU 133 1 1
CPU 133 2 2
CPU 133 -1 3
BLOCK 134 1
BLOCK 134 2
UNBLOCK 134 2
CPU 134 0 0
CPU 134 1 1
CPU 134 2 2
CPU 134 -1 3
BLOCK 135 1
BLOCK 135 2
CPU 135 0 0
CPU 135 1 1
CPU 135 2 2
CPU 135 -1 3
BLOCK 136 1
BLOCK 136 2
UNBLOCK 136 2
CPU 136 0 0
CPU 136 1 1
CPU 136 2 2
CPU 136 -1 3
BLOCK 137 1
BLOCK 137 2
UNBLOCK 137 1
CPU 137 0 0
CPU 137 1 1
CPU 137 2 2
CPU 137 -1 3
BLOCK 138 1
BLOCK 138 2
CPU 138 0 0
CPU 138 1 1
CPU 138 2 2
CPU 138 -1 3
BLOCK 139 1
BLOCK 139 2
UNBLOCK 139 2
CPU 139 0 0
CPU 139 1 1
CPU 139 2 2
CPU 139 -1 3
BLOCK 140 1
BLOCK 140 2
UNBLOCK 140 1
CPU 140 0 0
CPU 140 1 1
CPU 140 2 2
CPU 140 -1 3
BLOCK 141 1
BLOCK 141 2
UNBLOCK 141 2
CPU 141 0 0
CPU 141 1 1
CPU 141 2 2
CPU 141 -1 3
BLOCK 142 1
BLOCK 142 2
CPU 142 0 0
CPU 142 1 1
CPU 142 2 2
CPU 142 -1 3
BLOCK 143 1
BLOCK 143 2
CPU 143 0 0
CPU 143 1 1
CPU 143 2 2
CPU 143 -1 3
BLOCK 144 1
BLOCK 144 2
UNBLOCK 144 1
UNBLOCK 144 2
CPU 144 0 0
CPU 144 1 1
CPU 144 2 2
CPU 144 -1 3
BLOCK 145 1
BLOCK 145 2
CPU 145 0 0
CPU 145 1 1
CPU 145 2 2
CPU 145 -1 3
BLOCK 146 1
BLOCK 146 2
CPU 146 0 0
CPU 146 1 1
CPU 146 2 2
CPU 146 -1 3
BLOCK 147 1
BLOCK 147 2
UNBLOCK 147 1
UNBLOCK 147 2
CPU 147 0 0
CPU 147 1 1
CPU 147 2 2
CPU 147 -1 3
BLOCK 148 1
BLOCK 148 2
CPU 148 0 0
CPU 148 1 1
CPU 148 2 2
CPU 148 -1 3
BLOCK 149 1
BLOCK 149 2
CPU 149 0 0
CPU 149 1 1
CPU 149 2 2
CPU 149 -1 3
BLOCK 150 1
BLOCK 150 2
UNBLOCK 150 1
UNBLOCK 150 2
CPU 150 0 0
CPU 150 1 1
CPU 150 2 2
CPU 150 -1 3
BLOCK 151 1
BLOCK 151 2
CPU 151 0 0
CPU 151 1 1
CPU 151 2 2
CPU 151 -1 3
BLOCK 152 1
BLOCK 152 2
UNBLOCK 152 1
CPU 152 0 0
CPU 152 1 1
CPU 152 2 2
CPU 152 -1 3
BLOCK 153 1
BLOCK 153 2
UNBLOCK 153 2
CPU 153 0 0
CPU 153 1 1
CPU 153 2 2
CPU 153 -1 3
BLOCK 154 1
BLOCK 154 2
UNBLOCK 154 1
CPU 154 0 0
CPU 154 1 1
CPU 154 2 2
CPU 154 -1 3
BLOCK 155 1
BLOCK 155 2
CPU 155 0 0
CPU 155 1 1
CPU 155 2 2
CPU 155 -1 3
BLOCK 156 1
BLOCK 156 2
UNBLOCK 156 1
UNBLOCK 156 2
CPU 156 0 0
CPU 156 1 1
CPU 156 2 2
CPU 156 -1 3
BLOCK 157 1
BLOCK 157 2
CPU 157 0 0
CPU 157 1 1
CPU 157 2 2
CPU 157 -1 3
BLOCK 158 1
BLOCK 158 2
CPU 158 0 0
CPU 158 1 1
CPU 158 2 2
CPU 158 -1 3
BLOCK 159 1
BLOCK 159 2
CPU 159 0 0
CPU 159 1 1
CPU 159 2 2
CPU 159 -1 3
BLOCK 160 1
BLOCK 160 2
UNBLOCK 160 1
UNBLOCK 160 2
CPU 160 0 0
CPU 160 1 1
CPU 160 2 2
CPU 160 -1 3
BLOCK 161 1
BLOCK 161 2
CPU 161 0 0
CPU 161 1 1
CPU 161 2 2
CPU 161 -1 3
BLOCK 162 1
BLOCK 162 2
UNBLOCK 162 1
CPU 162 0 0
CPU 162 1 1
CPU 162 2 2
CPU 162 -1 3
BLOCK 163 1
BLOCK 163 2
UNBLOCK 163 2
CPU 163 0 0
CPU 163 1 1
CPU 163 2 2
CPU 163 -1 3
BLOCK 164 1
BLOCK 164 2
UNBLOCK 164 1
CPU 164 0 0
CPU 164 1 1
CPU 164 2 2
CPU 164 -1 3
BLOCK 165 1
BLOCK 165 2
UNBLOCK 165 2
CPU 165 0 0
CPU 165 1 1
CPU 165 2 2
CPU 165 -1 3
BLOCK 166 1
BLOCK 166 2
UNBLOCK 166 1
CPU 166 0 0
CPU 166 1 1
CPU 166 2 2
CPU 166 -1 3
EXIT 167 1 1
BLOCK 167 2
UNBLOCK 167 2
CPU 167 0 0
CPU 167 -1 1
CPU 167 2 2
CPU 167 -1 3
BLOCK 168 2
CPU 168 0 0
CPU 168 -1 1
CPU 168 2 2
CPU 168 -1 3
BLOCK 169 2
CPU 169 0 0
CPU 169 -1 1
CPU 169 2 2
CPU 169 -1 3
BLOCK 170 2
UNBLOCK 170 2
CPU 170 0 0
CPU 170 -1 1
CPU 170 2 2
CPU 170 -1 3
BLOCK 171 2
CPU 171 0 0
CPU 171 -1 1
CPU 171 2 2
CPU 171 -1 3
BLOCK 172 2
CPU 172 0 0
CPU 172 -1 1
CPU 172 2 2
CPU 172 -1 3
BLOCK 173 2
CPU 173 0 0
CPU 173 -1 1
CPU 173 2 2
CPU 173 -1 3
BLOCK 174 2
UNBLOCK 174 2
CPU 174 0 0
CPU 174 -1 1
CPU 174 2 2
CPU 174 -1 3
BLOCK 175 2
CPU 175 0 0
CPU 175 -1 1
CPU 175 2 2
CPU 175 -1 3
BLOCK 176 2
CPU 176 0 0
CPU 176 -1 1
CPU 176 2 2
CPU 176 -1 3
BLOCK 177 2
CPU 177 0 0
CPU 177 -1 1
CPU 177 2 2
CPU 177 -1 3
BLOCK 178 2
UNBLOCK 178 2
CPU 178 0 0
CPU 178 -1 1
CPU 178 2 2
CPU 178 -1 3
BLOCK 179 2
CPU 179 0 0
CPU 179 -1 1
CPU 179 2 2
CPU 179 -1 3
BLOCK 180 2
CPU 180 0 0
CPU 180 -1 1
CPU 180 2 2
CPU 180 -1 3
BLOCK 181 2
UNBLOCK 181 2
CPU 181 0 0
CPU 181 -1 1
CPU 181 2 2
CPU 181 -1 3
BLOCK 182 2
CPU 182 0 0
CPU 182 -1 1
CPU 182 2 2
CPU 182 -1 3
BLOCK 183 2
CPU 183 0 0
CPU 183 -1 1
CPU 183 2 2
CPU 183 -1 3
BLOCK 184 2
CPU 184 0 0
CPU 184 -1 1
CPU 184 2 2
CPU 184 -1 3
BLOCK 185 2
UNBLOCK 185 2
CPU 185 0 0
CPU 185 -1 1
CPU 185 2 2
CPU 185 -1 3
BLOCK 186 2
CPU 186 0 0
CPU 186 -1 1
CPU 186 2 2
CPU 186 -1 3
BLOCK 187 2
CPU 187 0 0
CPU 187 -1 1
CPU 187 2 2
CPU 187 -1 3
BLOCK 188 2
UNBLOCK 188 2
CPU 188 0 0
CPU 188 -1 1
CPU 188 2 2
CPU 188 -1 3
BLOCK 189 2
CPU 189 0 0
CPU 189 -1 1
CPU 189 2 2
CPU 189 -1 3
BLOCK 190 2
CPU 190 0 0
CPU 190 -1 1
CPU 190 2 2
CPU 190 -1 3
BLOCK 191 2
UNBLOCK 191 2
CPU 191 0 0
CPU 191 -1 1
CPU 191 2 2
CPU 191 -1 3
BLOCK 192 2
CPU 192 0 0
CPU 192 -1 1
CPU 192 2 2
CPU 192 -1 3
BLOCK 193 2
CPU 193 0 0
CPU 193 -1 1
CPU 193 2 2
CPU 193 -1 3
BLOCK 194 2
UNBLOCK 194 2
CPU 194 0 0
CPU 194 -1 1
CPU 194 2 2
CPU 194 -1 3
BLOCK 195 2
CPU 195 0 0
CPU 195 -1 1
CPU 195 2 2
CPU 195 -1 3
BLOCK 196 2
CPU 196 0 0
CPU 196 -1 1
CPU 196 2 2
CPU 196 -1 3
BLOCK 197 2
CPU 197 0 0
CPU 197 -1 1
CPU 197 2 2
CPU 197 -1 3
BLOCK 198 2
UNBLOCK 198 2
CPU 198 0 0
CPU 198 -1 1
CPU 198 2 2
CPU 198 -1 3
BLOCK 199 2
CPU 199 0 0
CPU 199 -1 1
CPU 199 2 2
CPU 199 -1 3
BLOCK 200 2
UNBLOCK 200 2
CPU 200 0 0
CPU 200 -1 1
CPU 200 2 2
CPU 200 -1 3
BLOCK 201 2
CPU 201 0 0
CPU 201 -1 1
CPU 201 2 2
CPU 201 -1 3
BLOCK 202 2
CPU 202 0 0
CPU 202 -1 1
CPU 202 2 2
CPU 202 -1 3
BLOCK 203 2
UNBLOCK 203 2
CPU 203 0 0
CPU 203 -1 1
CPU 203 2 2
CPU 203 -1 3
BLOCK 204 2
CPU 204 0 0
CPU 204 -1 1
CPU 204 2 2
CPU 204 -1 3
BLOCK 205 2
CPU 205 0 0
CPU 205 -1 1
CPU 205 2 2
CPU 205 -1 3
BLOCK 206 2
CPU 206 0 0
CPU 206 -1 1
CPU 206 2 2
CPU 206 -1 3
BLOCK 207 2
UNBLOCK 207 2
CPU 207 0 0
CPU 207 -1 1
CPU 207 2 2
CPU 207 -1 3
BLOCK 208 2
CPU 208 0 0
CPU 208 -1 1
CPU 208 2 2
CPU 208 -1 3
BLOCK 209 2
UNBLOCK 209 2
CPU 209 0 0
CPU 209 -1 1
CPU 209 2 2
CPU 209 -1 3
BLOCK 210 2
CPU 210 0 0
CPU 210 -1 1
CPU 210 2 2
CPU 210 -1 3
BLOCK 211 2
CPU 211 0 0
CPU 211 -1 1
CPU 211 2 2
CPU 211 -1 3
BLOCK 212 2
CPU 212 0 0
CPU 212 -1 1
CPU 212 2 2
CPU 212 -1 3
BLOCK 213 2
UNBLOCK 213 2
CPU 213 0 0
CPU 213 -1 1
CPU 213 2 2
CPU 213 -1 3
BLOCK 214 2
CPU 214 0 0
CPU 214 -1 1
CPU 214 2 2
CPU 214 -1 3
BLOCK 215 2
CPU 215 0 0
CPU 215 -1 1
CPU 215 2 2
CPU 215 -1 3
BLOCK 216 2
UNBLOCK 216 2
CPU 216 0 0
CPU 216 -1 1
CPU 216 2 2
CPU 216 -1 3
BLOCK 217 2
CPU 217 0 0
CPU 217 -1 1
CPU 217 2 2
CPU 217 -1 3
BLOCK 218 2
CPU 218 0 0
CPU 218 -1 1
CPU 218 2 2
CPU 218 -1 3
BLOCK 219 2
CPU 219 0 0
CPU 219 -1 1
CPU 219 2 2
CPU 219 -1 3
BLOCK 220 2
UNBLOCK 220 2
CPU 220 0 0
CPU 220 -1 1
CPU 220 2 2
CPU 220 -1 3
BLOCK 221 2
CPU 221 0 0
CPU 221 -1 1
CPU 221 2 2
CPU 221 -1 3
BLOCK 222 2
CPU 222 0 0
CPU 222 -1 1
CPU 222 2 2
CPU 222 -1 3
BLOCK 223 2
UNBLOCK 223 2
CPU 223 0 0
CPU 223 -1 1
CPU 223 2 2
CPU 223 -1 3
BLOCK 224 2
CPU 224 0 0
CPU 224 -1 1
CPU 224 2 2
CPU 224 -1 3
BLOCK 225 2
UNBLOCK 225 2
CPU 225 0 0
CPU 225 -1 1
CPU 225 2 2
CPU 225 -1 3
BLOCK 226 2
CPU 226 0 0
CPU 226 -1 1
CPU 226 2 2
CPU 226 -1 3
BLOCK 227 2
UNBLOCK 227 2
CPU 227 0 0
CPU 227 -1 1
CPU 227 2 2
CPU 227 -1 3
BLOCK 228 2
CPU 228 0 0
CPU 228 -1 1
CPU 228 2 2
CPU 228 -1 3
BLOCK 229 2
UNBLOCK 229 2
CPU 229 0 0
CPU 229 -1 1
CPU 229 2 2
CPU 229 -1 3
BLOCK 230 2
CPU 230 0 0
CPU 230 -1 1
CPU 230 2 2
CPU 230 -1 3
BLOCK 231 2
UNBLOCK 231 2
CPU 231 0 0
CPU 231 -1 1
CPU 231 2 2
CPU 231 -1 3
BLOCK 232 2
CPU 232 0 0
CPU 232 -1 1
CPU 232 2 2
CPU 232 -1 3
BLOCK 233 2
CPU 233 0 0
CPU 233 -1 1
CPU 233 2 2
CPU 233 -1 3
BLOCK 234 2
UNBLOCK 234 2
CPU 234 0 0
CPU 234 -1 1
CPU 234 2 2
CPU 234 -1 3
BLOCK 235 2
CPU 235 0 0
CPU 235 -1 1
CPU 235 2 2
CPU 235 -1 3
BLOCK 236 2
UNBLOCK 236 2
CPU 236 0 0
CPU 236 -1 1
CPU 236 2 2
CPU 236 -1 3
BLOCK 237 2
CPU 237 0 0
CPU 237 -1 1
CPU 237 2 2
CPU 237 -1 3
BLOCK 238 2
UNBLOCK 238 2
CPU 238 0 0
CPU 238 -1 1
CPU 238 2 2
CPU 238 -1 3
BLOCK 239 2
CPU 239 0 0
CPU 239 -1 1
CPU 239 2 2
CPU 239 -1 3
BLOCK 240 2
CPU 240 0 0
CPU 240 -1 1
CPU 240 2 2
CPU 240 -1 3
BLOCK 241 2
UNBLOCK 241 2
CPU 241 0 0
CPU 241 -1 1
CPU 241 2 2
CPU 241 -1 3
BLOCK 242 2
CPU 242 0 0
CPU 242 -1 1
CPU 242 2 2
CPU 242 -1 3
BLOCK 243 2
CPU 243 0 0
CPU 243 -1 1
CPU 243 2 2
CPU 243 -1 3
BLOCK 244 2
CPU 244 0 0
CPU 244 -1 1
CPU 244 2 2
CPU 244 -1 3
BLOCK 245 2
UNBLOCK 245 2
CPU 245 0 0
CPU 245 -1 1
CPU 245 2 2
CPU 245 -1 3
BLOCK 246 2
CPU 246 0 0
CPU 246 -1 1
CPU 246 2 2
CPU 246 -1 3
BLOCK 247 2
CPU 247 0 0
CPU 247 -1 1
CPU 247 2 2
CPU 247 -1 3
BLOCK 248 2
CPU 248 0 0
CPU 248 -1 1
CPU 248 2 2
CPU 248 -1 3
BLOCK 249 2
UNBLOCK 249 2
CPU 249 0 0
CPU 249 -1 1
CPU 249 2 2
CPU 249 -1 3
BLOCK 250 2
CPU 250 0 0
CPU 250 -1 1
CPU 250 2 2
CPU 250 -1 3
BLOCK 251 2
UNBLOCK 251 2
CPU 251 0 0
CPU 251 -1 1
CPU 251 2 2
CPU 251 -1 3
BLOCK 252 2
CPU 252 0 0
CPU 252 -1 1
CPU 252 2 2
CPU 252 -1 3
BLOCK 253 2
CPU 253 0 0
CPU 253 -1 1
CPU 253 2 2
CPU 253 -1 3
BLOCK 254 2
CPU 254 0 0
CPU 254 -1 1
CPU 254 2 2
CPU 254 -1 3
BLOCK 255 2
UNBLOCK 255 2
CPU 255 0 0
CPU 255 -1 1
CPU 255 2 2
CPU 255 -1 3
BLOCK 256 2
CPU 256 0 0
CPU 256 -1 1
CPU 256 2 2
CPU 256 -1 3
BLOCK 257 2
UNBLOCK 257 2
CPU 257 0 0
CPU 257 -1 1
CPU 257 2 2
CPU 257 -1 3
BLOCK 258 2
CPU 258 0 0
CPU 258 -1 1
CPU 258 2 2
CPU 258 -1 3
BLOCK 259 2
UNBLOCK 259 2
CPU 259 0 0
CPU 259 -1 1
CPU 259 2 2
CPU 259 -1 3
BLOCK 260 2
CPU 260 0 0
CPU 260 -1 1
CPU 260 2 2
CPU 260 -1 3
BLOCK 261 2
UNBLOCK 261 2
CPU 261 0 0
CPU 261 -1 1
CPU 261 2 2
CPU 261 -1 3
BLOCK 262 2
CPU 262 0 0
CPU 262 -1 1
CPU 262 2 2
CPU 262 -1 3
BLOCK 263 2
CPU 263 0 0
CPU 263 -1 1
CPU 263 2 2
CPU 263 -1 3
BLOCK 264 2
CPU 264 0 0
CPU 264 -1 1
CPU 264 2 2
CPU 264 -1 3
BLOCK 265 2
UNBLOCK 265 2
CPU 265 0 0
CPU 265 -1 1
CPU 265 2 2
CPU 265 -1 3
BLOCK 266 2
CPU 266 0 0
CPU 266 -1 1
CPU 266 2 2
CPU 266 -1 3
BLOCK 267 2
UNBLOCK 267 2
CPU 267 0 0
CPU 267 -1 1
CPU 267 2 2
CPU 267 -1 3
BLOCK 268 2
CPU 268 0 0
CPU 268 -1 1
CPU 268 2 2
CPU 268 -1 3
BLOCK 269 2
CPU 269 0 0
CPU 269 -1 1
CPU 269 2 2
CPU 269 -1 3
BLOCK 270 2
CPU 270 0 0
CPU 270 -1 1
CPU 270 2 2
CPU 270 -1 3
BLOCK 271 2
UNBLOCK 271 2
CPU 271 0 0
CPU 271 -1 1
CPU 271 2 2
CPU 271 -1 3
BLOCK 272 2
CPU 272 0 0
CPU 272 -1 1
CPU 272 2 2
CPU 272 -1 3
BLOCK 273 2
CPU 273 0 0
CPU 273 -1 1
CPU 273 2 2
CPU 273 -1 3
BLOCK 274 2
UNBLOCK 274 2
CPU 274 0 0
CPU 274 -1 1
CPU 274 2 2
CPU 274 -1 3
BLOCK 275 2
CPU 275 0 0
CPU 275 -1 1
CPU 275 2 2
CPU 275 -1 3
BLOCK 276 2
CPU 276 0 0
CPU 276 -1 1
CPU 276 2 2
CPU 276 -1 3
BLOCK 277 2
CPU 277 0 0
CPU 277 -1 1
CPU 277 2 2
CPU 277 -1 3
BLOCK 278 2
UNBLOCK 278 2
CPU 278 0 0
CPU 278 -1 1
CPU 278 2 2
CPU 278 -1 3
BLOCK 279 2
CPU 279 0 0
CPU 279 -1 1
CPU 279 2 2
CPU 279 -1 3
BLOCK 280 2
CPU 280 0 0
CPU 280 -1 1
CPU 280 2 2
CPU 280 -1 3
BLOCK 281 2
CPU 281 0 0
CPU 281 -1 1
CPU 281 2 2
CPU 281 -1 3
BLOCK 282 2
UNBLOCK 282 2
CPU 282 0 0
CPU 282 -1 1
CPU 282 2 2
CPU 282 -1 3
BLOCK 283 2
CPU 283 0 0
CPU 283 -1 1
CPU 283 2 2
CPU 283 -1 3
BLOCK 284 2
CPU 284 0 0
CPU 284 -1 1
CPU 284 2 2
CPU 284 -1 3
BLOCK 285 2
UNBLOCK 285 2
CPU 285 0 0
CPU 285 -1 1
CPU 285 2 2
CPU 285 -1 3
BLOCK 286 2
CPU 286 0 0
CPU 286 -1 1
CPU 286 2 2
CPU 286 -1 3
BLOCK 287 2
CPU 287 0 0
CPU 287 -1 1
CPU 287 2 2
CPU 287 -1 3
BLOCK 288 2
UNBLOCK 288 2
CPU 288 0 0
CPU 288 -1 1
CPU 288 2 2
CPU 288 -1 3
BLOCK 289 2
CPU 289 0 0
CPU 289 -1 1
CPU 289 2 2
CPU 289 -1 3
BLOCK 290 2
CPU 290 0 0
CPU 290 -1 1
CPU 290 2 2
CPU 290 -1 3
BLOCK 291 2
CPU 291 0 0
CPU 291 -1 1
CPU 291 2 2
CPU 291 -1 3
BLOCK 292 2
UNBLOCK 292 2
CPU 292 0 0
CPU 292 -1 1
CPU 292 2 2
CPU 292 -1 3
BLOCK 293 2
CPU 293 0 0
CPU 293 -1 1
CPU 293 2 2
CPU 293 -1 3
BLOCK 294 2
CPU 294 0 0
CPU 294 -1 1
CPU 294 2 2
CPU 294 -1 3
BLOCK 295 2
CPU 295 0 0
CPU 295 -1 1
CPU 295 2 2
CPU 295 -1 3
BLOCK 296 2
UNBLOCK 296 2
CPU 296 0 0
CPU 296 -1 1
CPU 296 2 2
CPU 296 -1 3
BLOCK 297 2
CPU 297 0 0
CPU 297 -1 1
CPU 297 2 2
CPU 297 -1 3
BLOCK 298 2
CPU 298 0 0
CPU 298 -1 1
CPU 298 2 2
CPU 298 -1 3
BLOCK 299 2
UNBLOCK 299 2
CPU 299 0 0
CPU 299 -1 1
CPU 299 2 2
CPU 299 -1 3
BLOCK 300 2
CPU 300 0 0
CPU 300 -1 1
CPU 300 2 2
CPU 300 -1 3
BLOCK 301 2
UNBLOCK 301 2
CPU 301 0 0
CPU 301 -1 1
CPU 301 2 2
CPU 301 -1 3
BLOCK 302 2
CPU 302 0 0
CPU 302 -1 1
CPU 302 2 2
CPU 302 -1 3
BLOCK 303 2
CPU 303 0 0
CPU 303 -1 1
CPU 303 2 2
CPU 303 -1 3
BLOCK 304 2
CPU 304 0 0
CPU 304 -1 1
CPU 304 2 2
CPU 304 -1 3
BLOCK 305 2
UNBLOCK 305 2
CPU 305 0 0
CPU 305 -1 1
CPU 305 2 2
CPU 305 -1 3
BLOCK 306 2
CPU 306 0 0
CPU 306 -1 1
CPU 306 2 2
CPU 306 -1 3
BLOCK 307 2
UNBLOCK 307 2
CPU 307 0 0
CPU 307 -1 1
CPU 307 2 2
CPU 307 -1 3
BLOCK 308 2
CPU 308 0 0
CPU 308 -1 1
CPU 308 2 2
CPU 308 -1 3
BLOCK 309 2
UNBLOCK 309 2
CPU 309 0 0
CPU 309 -1 1
CPU 309 2 2
CPU 309 -1 3
BLOCK 310 2
CPU 310 0 0
CPU 310 -1 1
CPU 310 2 2
CPU 310 -1 3
BLOCK 311 2
UNBLOCK 311 2
CPU 311 0 0
CPU 311 -1 1
CPU 311 2 2
CPU 311 -1 3
BLOCK 312 2
CPU 312 0 0
CPU 312 -1 1
CPU 312 2 2
CPU 312 -1 3
BLOCK 313 2
UNBLOCK 313 2
CPU 313 0 0
CPU 313 -1 1
CPU 313 2 2
CPU 313 -1 3
BLOCK 314 2
CPU 314 0 0
CPU 314 -1 1
CPU 314 2 2
CPU 314 -1 3
BLOCK 315 2
UNBLOCK 315 2
CPU 315 0 0
CPU 315 -1 1
CPU 315 2 2
CPU 315 -1 3
BLOCK 316 2
CPU 316 0 0
CPU 316 -1 1
CPU 316 2 2
CPU 316 -1 3
BLOCK 317 2
CPU 317 0 0
CPU 317 -1 1
CPU 317 2 2
CPU 317 -1 3
BLOCK 318 2
UNBLOCK 318 2
CPU 318 0 0
CPU 318 -1 1
CPU 318 2 2
CPU 318 -1 3
BLOCK 319 2
CPU 319 0 0
CPU 319 -1 1
CPU 319 2 2
CPU 319 -1 3
BLOCK 320 2
CPU 320 0 0
CPU 320 -1 1
CPU 320 2 2
CPU 320 -1 3
BLOCK 321 2
UNBLOCK 321 2
CPU 321 0 0
CPU 321 -1 1
CPU 321 2 2
CPU 321 -1 3
BLOCK 322 2
CPU 322 0 0
CPU 322 -1 1
CPU 322 2 2
CPU 322 -1 3
BLOCK 323 2
CPU 323 0 0
CPU 323 -1 1
CPU 323 2 2
CPU 323 -1 3
BLOCK 324 2
UNBLOCK 324 2
CPU 324 0 0
CPU 324 -1 1
CPU 324 2 2
CPU 324 -1 3
EXIT 325 2 2
CPU 325 0 0
CPU 325 -1 1
CPU 325 -1 2
CPU 325 -1 3
CPU 326 0 0
CPU 326 -1 1
CPU 326 -1 2
CPU 326 -1 3
CPU 327 0 0
CPU 327 -1 1
CPU 327 -1 2
CPU 327 -1 3
CPU 328 0 0
CPU 328 -1 1
CPU 328 -1 2
CPU 328 -1 3
CPU 329 0 0
CPU 329 -1 1
CPU 329 -1 2
CPU 329 -1 3
CPU 330 0 0
CPU 330 -1 1
CPU 330 -1 2
CPU 330 -1 3
CPU 331 0 0
CPU 331 -1 1
CPU 331 -1 2
CPU 331 -1 3
CPU 332 0 0
CPU 332 -1 1
CPU 332 -1 2
CPU 332 -1 3
CPU 333 0 0
CPU 333 -1 1
CPU 333 -1 2
CPU 333 -1 3
CPU 334 0 0
CPU 334 -1 1
CPU 334 -1 2
CPU 334 -1 3
CPU 335 0 0
CPU 335 -1 1
CPU 335 -1 2
CPU 335 -1 3
CPU 336 0 0
CPU 336 -1 1
CPU 336 -1 2
CPU 336 -1 3
CPU 337 0 0
CPU 337 -1 1
CPU 337 -1 2
CPU 337 -1 3
CPU 338 0 0
CPU 338 -1 1
CPU 338 -1 2
CPU 338 -1 3
CPU 339 0 0
CPU 339 -1 1
CPU 339 -1 2
CPU 339 -1 3
CPU 340 0 0
CPU 340 -1 1
CPU 340 -1 2
CPU 340 -1 3
CPU 341 0 0
CPU 341 -1 1
CPU 341 -1 2
CPU 341 -1 3
CPU 342 0 0
CPU 342 -1 1
CPU 342 -1 2
CPU 342 -1 3
CPU 343 0 0
CPU 343 -1 1
CPU 343 -1 2
CPU 343 -1 3
CPU 344 0 0
CPU 344 -1 1
CPU 344 -1 2
CPU 344 -1 3
CPU 345 0 0
CPU 345 -1 1
CPU 345 -1 2
CPU 345 -1 3
CPU 346 0 0
CPU 346 -1 1
CPU 346 -1 2
CPU 346 -1 3
CPU 347 0 0
CPU 347 -1 1
CPU 347 -1 2
CPU 347 -1 3
CPU 348 0 0
CPU 348 -1 1
CPU 348 -1 2
CPU 348 -1 3
CPU 349 0 0
CPU 349 -1 1
CPU 349 -1 2
CPU 349 -1 3
CPU 350 0 0
CPU 350 -1 1
CPU 350 -1 2
CPU 350 -1 3
CPU 351 0 0
CPU 351 -1 1
CPU 351 -1 2
CPU 351 -1 3
CPU 352 0 0
CPU 352 -1 1
CPU 352 -1 2
CPU 352 -1 3
CPU 353 0 0
CPU 353 -1 1
CPU 353 -1 2
CPU 353 -1 3
CPU 354 0 0
CPU 354 -1 1
CPU 354 -1 2
CPU 354 -1 3
CPU 355 0 0
CPU 355 -1 1
CPU 355 -1 2
CPU 355 -1 3
CPU 356 0 0
CPU 356 -1 1
CPU 356 -1 2
CPU 356 -1 3
CPU 357 0 0
CPU 357 -1 1
CPU 357 -1 2
CPU 357 -1 3
CPU 358 0 0
CPU 358 -1 1
CPU 358 -1 2
CPU 358 -1 3
CPU 359 0 0
CPU 359 -1 1
CPU 359 -1 2
CPU 359 -1 3
CPU 360 0 0
CPU 360 -1 1
CPU 360 -1 2
CPU 360 -1 3
CPU 361 0 0
CPU 361 -1 1
CPU 361 -1 2
CPU 361 -1 3
CPU 362 0 0
CPU 362 -1 1
CPU 362 -1 2
CPU 362 -1 3
CPU 363 0 0
CPU 363 -1 1
CPU 363 -1 2
CPU 363 -1 3
CPU 364 0 0
CPU 364 -1 1
CPU 364 -1 2
CPU 364 -1 3
CPU 365 0 0
CPU 365 -1 1
CPU 365 -1 2
CPU 365 -1 3
CPU 366 0 0
CPU 366 -1 1
CPU 366 -1 2
CPU 366 -1 3
CPU 367 0 0
CPU 367 -1 1
CPU 367 -1 2
CPU 367 -1 3
CPU 368 0 0
CPU 368 -1 1
CPU 368 -1 2
CPU 368 -1 3
CPU 369 0 0
CPU 369 -1 1
CPU 369 -1 2
CPU 369 -1 3
CPU 370 0 0
CPU 370 -1 1
CPU 370 -1 2
CPU 370 -1 3
CPU 371 0 0
CPU 371 -1 1
CPU 371 -1 2
CPU 371 -1 3
CPU 372 0 0
CPU 372 -1 1
CPU 372 -1 2
CPU 372 -1 3
CPU 373 0 0
CPU 373 -1 1
CPU 373 -1 2
CPU 373 -1 3
CPU 374 0 0
CPU 374 -1 1
CPU 374 -1 2
CPU 374 -1 3
CPU 375 0 0
CPU 375 -1 1
CPU 375 -1 2
CPU 375 -1 3
CPU 376 0 0
CPU 376 -1 1
CPU 376 -1 2
CPU 376 -1 3
CPU 377 0 0
CPU 377 -1 1
CPU 377 -1 2
CPU 377 -1 3
CPU 378 0 0
CPU 378 -1 1
CPU 378 -1 2
CPU 378 -1 3
CPU 379 0 0
CPU 379 -1 1
CPU 379 -1 2
CPU 379 -1 3
CPU 380 0 0
CPU 380 -1 1
CPU 380 -1 2
CPU 380 -1 3
CPU 381 0 0
CPU 381 -1 1
CPU 381 -1 2
CPU 381 -1 3
CPU 382 0 0
CPU 382 -1 1
CPU 382 -1 2
CPU 382 -1 3
CPU 383 0 0
CPU 383 -1 1
CPU 383 -1 2
CPU 383 -1 3
CPU 384 0 0
CPU 384 -1 1
CPU 384 -1 2
CPU 384 -1 3
CPU 385 0 0
CPU 385 -1 1
CPU 385 -1 2
CPU 385 -1 3
CPU 386 0 0
CPU 386 -1 1
CPU 386 -1 2
CPU 386 -1 3
CPU 387 0 0
CPU 387 -1 1
CPU 387 -1 2
CPU 387 -1 3
CPU 388 0 0
CPU 388 -1 1
CPU 388 -1 2
CPU 388 -1 3
CPU 389 0 0
CPU 389 -1 1
CPU 389 -1 2
CPU 389 -1 3
CPU 390 0 0
CPU 390 -1 1
CPU 390 -1 2
CPU 390 -1 3
CPU 391 0 0
CPU 391 -1 1
CPU 391 -1 2
CPU 391 -1 3
CPU 392 0 0
CPU 392 -1 1
CPU 392 -1 2
CPU 392 -1 3
CPU 393 0 0
CPU 393 -1 1
CPU 393 -1 2
CPU 393 -1 3
CPU 394 0 0
CPU 394 -1 1
CPU 394 -1 2
CPU 394 -1 3
CPU 395 0 0
CPU 395 -1 1
CPU 395 -1 2
CPU 395 -1 3
CPU 396 0 0
CPU 396 -1 1
CPU 396 -1 2
CPU 396 -1 3
CPU 397 0 0
CPU 397 -1 1
CPU 397 -1 2
CPU 397 -1 3
CPU 398 0 0
CPU 398 -1 1
CPU 398 -1 2
CPU 398 -1 3
CPU 399 0 0
CPU 399 -1 1
CPU 399 -1 2
CPU 399 -1 3
CPU 400 0 0
CPU 400 -1 1
CPU 400 -1 2
CPU 400 -1 3
CPU 401 0 0
CPU 401 -1 1
CPU 401 -1 2
CPU 401 -1 3
CPU 402 0 0
CPU 402 -1 1
CPU 402 -1 2
CPU 402 -1 3
CPU 403 0 0
CPU 403 -1 1
CPU 403 -1 2
CPU 403 -1 3
CPU 404 0 0
CPU 404 -1 1
CPU 404 -1 2
CPU 404 -1 3
CPU 405 0 0
CPU 405 -1 1
CPU 405 -1 2
CPU 405 -1 3
CPU 406 0 0
CPU 406 -1 1
CPU 406 -1 2
CPU 406 -1 3
CPU 407 0 0
CPU 407 -1 1
CPU 407 -1 2
CPU 407 -1 3
CPU 408 0 0
CPU 408 -1 1
CPU 408 -1 2
CPU 408 -1 3
CPU 409 0 0
CPU 409 -1 1
CPU 409 -1 2
CPU 409 -1 3
CPU 410 0 0
CPU 410 -1 1
CPU 410 -1 2
CPU 410 -1 3
CPU 411 0 0
CPU 411 -1 1
CPU 411 -1 2
CPU 411 -1 3
CPU 412 0 0
CPU 412 -1 1
CPU 412 -1 2
CPU 412 -1 3
CPU 413 0 0
CPU 413 -1 1
CPU 413 -1 2
CPU 413 -1 3
CPU 414 0 0
CPU 414 -1 1
CPU 414 -1 2
CPU 414 -1 3
CPU 415 0 0
CPU 415 -1 1
CPU 415 -1 2
CPU 415 -1 3
CPU 416 0 0
CPU 416 -1 1
CPU 416 -1 2
CPU 416 -1 3
CPU 417 0 0
CPU 417 -1 1
CPU 417 -1 2
CPU 417 -1 3
CPU 418 0 0
CPU 418 -1 1
CPU 418 -1 2
CPU 418 -1 3
CPU 419 0 0
CPU 419 -1 1
CPU 419 -1 2
CPU 419 -1 3
CPU 420 0 0
CPU 420 -1 1
CPU 420 -1 2
CPU 420 -1 3
CPU 421 0 0
CPU 421 -1 1
CPU 421 -1 2
CPU 421 -1 3
CPU 422 0 0
CPU 422 -1 1
CPU 422 -1 2
CPU 422 -1 3
CPU 423 0 0
CPU 423 -1 1
CPU 423 -1 2
CPU 423 -1 3
CPU 424 0 0
CPU 424 -1 1
CPU 424 -1 2
CPU 424 -1 3
CPU 425 0 0
CPU 425 -1 1
CPU 425 -1 2
CPU 425 -1 3
CPU 426 0 0
CPU 426 -1 1
CPU 426 -1 2
CPU 426 -1 3
CPU 427 0 0
CPU 427 -1 1
CPU 427 -1 2
CPU 427 -1 3
CPU 428 0 0
CPU 428 -1 1
CPU 428 -1 2
CPU 428 -1 3
CPU 429 0 0
CPU 429 -1 1
CPU 429 -1 2
CPU 429 -1 3
CPU 430 0 0
CPU 430 -1 1
CPU 430 -1 2
CPU 430 -1 3
CPU 431 0 0
CPU 431 -1 1
CPU 431 -1 2
CPU 431 -1 3
CPU 432 0 0
CPU 432 -1 1
CPU 432 -1 2
CPU 432 -1 3
CPU 433 0 0
CPU 433 -1 1
CPU 433 -1 2
CPU 433 -1 3
CPU 434 0 0
CPU 434 -1 1
CPU 434 -1 2
CPU 434 -1 3
CPU 435 0 0
CPU 435 -1 1
CPU 435 -1 2
CPU 435 -1 3
CPU 436 0 0
CPU 436 -1 1
CPU 436 -1 2
CPU 436 -1 3
CPU 437 0 0
CPU 437 -1 1
CPU 437 -1 2
CPU 437 -1 3
CPU 438 0 0
CPU 438 -1 1
CPU 438 -1 2
CPU 438 -1 3
CPU 439 0 0
CPU 439 -1 1
CPU 439 -1 2
CPU 439 -1 3
CPU 440 0 0
CPU 440 -1 1
CPU 440 -1 2
CPU 440 -1 3
CPU 441 0 0
CPU 441 -1 1
CPU 441 -1 2
CPU 441 -1 3
CPU 442 0 0
CPU 442 -1 1
CPU 442 -1 2
CPU 442 -1 3
CPU 443 0 0
CPU 443 -1 1
CPU 443 -1 2
CPU 443 -1 3
CPU 444 0 0
CPU 444 -1 1
CPU 444 -1 2
CPU 444 -1 3
CPU 445 0 0
CPU 445 -1 1
CPU 445 -1 2
CPU 445 -1 3
CPU 446 0 0
CPU 446 -1 1
CPU 446 -1 2
CPU 446 -1 3
CPU 447 0 0
CPU 447 -1 1
CPU 447 -1 2
CPU 447 -1 3
CPU 448 0 0
CPU 448 -1 1
CPU 448 -1 2
CPU 448 -1 3
CPU 449 0 0
CPU 449 -1 1
CPU 449 -1 2
CPU 449 -1 3
CPU 450 0 0
CPU 450 -1 1
CPU 450 -1 2
CPU 450 -1 3
CPU 451 0 0
CPU 451 -1 1
CPU 451 -1 2
CPU 451 -1 3
CPU 452 0 0
CPU 452 -1 1
CPU 452 -1 2
CPU 452 -1 3
CPU 453 0 0
CPU 453 -1 1
CPU 453 -1 2
CPU 453 -1 3
CPU 454 0 0
CPU 454 -1 1
CPU 454 -1 2
CPU 454 -1 3
CPU 455 0 0
CPU 455 -1 1
CPU 455 -1 2
CPU 455 -1 3
CPU 456 0 0
CPU 456 -1 1
CPU 456 -1 2
CPU 456 -1 3
CPU 457 0 0
CPU 457 -1 1
CPU 457 -1 2
CPU 457 -1 3
CPU 458 0 0
CPU 458 -1 1
CPU 458 -1 2
CPU 458 -1 3
CPU 459 0 0
CPU 459 -1 1
CPU 459 -1 2
CPU 459 -1 3
CPU 460 0 0
CPU 460 -1 1
CPU 460 -1 2
CPU 460 -1 3
CPU 461 0 0
CPU 461 -1 1
CPU 461 -1 2
CPU 461 -1 3
CPU 462 0 0
CPU 462 -1 1
CPU 462 -1 2
CPU 462 -1 3
CPU 463 0 0
CPU 463 -1 1
CPU 463 -1 2
CPU 463 -1 3
CPU 464 0 0
CPU 464 -1 1
CPU 464 -1 2
CPU 464 -1 3
CPU 465 0 0
CPU 465 -1 1
CPU 465 -1 2
CPU 465 -1 3
CPU 466 0 0
CPU 466 -1 1
CPU 466 -1 2
CPU 466 -1 3
CPU 467 0 0
CPU 467 -1 1
CPU 467 -1 2
CPU 467 -1 3
CPU 468 0 0
CPU 468 -1 1
CPU 468 -1 2
CPU 468 -1 3
CPU 469 0 0
CPU 469 -1 1
CPU 469 -1 2
CPU 469 -1 3
CPU 470 0 0
CPU 470 -1 1
CPU 470 -1 2
CPU 470 -1 3
CPU 471 0 0
CPU 471 -1 1
CPU 471 -1 2
CPU 471 -1 3
CPU 472 0 0
CPU 472 -1 1
CPU 472 -1 2
CPU 472 -1 3
CPU 473 0 0
CPU 473 -1 1
CPU 473 -1 2
CPU 473 -1 3
CPU 474 0 0
CPU 474 -1 1
CPU 474 -1 2
CPU 474 -1 3
CPU 475 0 0
CPU 475 -1 1
CPU 475 -1 2
CPU 475 -1 3
CPU 476 0 0
CPU 476 -1 1
CPU 476 -1 2
CPU 476 -1 3
CPU 477 0 0
CPU 477 -1 1
CPU 477 -1 2
CPU 477 -1 3
CPU 478 0 0
CPU 478 -1 1
CPU 478 -1 2
CPU 478 -1 3
CPU 479 0 0
CPU 479 -1 1
CPU 479 -1 2
CPU 479 -1 3
CPU 480 0 0
CPU 480 -1 1
CPU 480 -1 2
CPU 480 -1 3
CPU 481 0 0
CPU 481 -1 1
CPU 481 -1 2
CPU 481 -1 3
CPU 482 0 0
CPU 482 -1 1
CPU 482 -1 2
CPU 482 -1 3
CPU 483 0 0
CPU 483 -1 1
CPU 483 -1 2
CPU 483 -1 3
CPU 484 0 0
CPU 484 -1 1
CPU 484 -1 2
CPU 484 -1 3
CPU 485 0 0
CPU 485 -1 1
CPU 485 -1 2
CPU 485 -1 3
CPU 486 0 0
CPU 486 -1 1
CPU 486 -1 2
CPU 486 -1 3
CPU 487 0 0
CPU 487 -1 1
CPU 487 -1 2
CPU 487 -1 3
CPU 488 0 0
CPU 488 -1 1
CPU 488 -1 2
CPU 488 -1 3
CPU 489 0 0
CPU 489 -1 1
CPU 489 -1 2
CPU 489 -1 3
CPU 490 0 0
CPU 490 -1 1
CPU 490 -1 2
CPU 490 -1 3
CPU 491 0 0
CPU 491 -1 1
CPU 491 -1 2
CPU 491 -1 3
CPU 492 0 0
CPU 492 -1 1
CPU 492 -1 2
CPU 492 -1 3
CPU 493 0 0
CPU 493 -1 1
CPU 493 -1 2
CPU 493 -1 3
CPU 494 0 0
CPU 494 -1 1
CPU 494 -1 2
CPU 494 -1 3
CPU 495 0 0
CPU 495 -1 1
CPU 495 -1 2
CPU 495 -1 3
CPU 496 0 0
CPU 496 -1 1
CPU 496 -1 2
CPU 496 -1 3
CPU 497 0 0
CPU 497 -1 1
CPU 497 -1 2
CPU 497 -1 3
CPU 498 0 0
CPU 498 -1 1
CPU 498 -1 2
CPU 498 -1 3
CPU 499 0 0
CPU 499 -1 1
CPU 499 -1 2
CPU 499 -1 3
CPU 500 0 0
CPU 500 -1 1
CPU 500 -1 2
CPU 500 -1 3
CPU 501 0 0
CPU 501 -1 1
CPU 501 -1 2
CPU 501 -1 3
CPU 502 0 0
CPU 502 -1 1
CPU 502 -1 2
CPU 502 -1 3
CPU 503 0 0
CPU 503 -1 1
CPU 503 -1 2
CPU 503 -1 3
CPU 504 0 0
CPU 504 -1 1
CPU 504 -1 2
CPU 504 -1 3
CPU 505 0 0
CPU 505 -1 1
CPU 505 -1 2
CPU 505 -1 3
EXIT 506 0 0
CPU 506 -1 0
CPU 506 -1 1
CPU 506 -1 2
CPU 506 -1 3
